<?xml version="1.0" encoding="utf-8"?><testsuites name="pytest tests"><testsuite name="pytest" errors="0" failures="0" skipped="0" tests="15" time="0.066" timestamp="2026-01-08T16:43:17.279351+00:00" hostname="runnervmh13bl"><testcase classname="tests.wave2_0_qa_infrastructure.test_advanced_analytics_phase2.TestTrendAnalysis" name="test_qa_446_trend_calculation" time="0.002" /><testcase classname="tests.wave2_0_qa_infrastructure.test_advanced_analytics_phase2.TestTrendAnalysis" name="test_qa_447_trend_visualization" time="0.000" /><testcase classname="tests.wave2_0_qa_infrastructure.test_advanced_analytics_phase2.TestTrendAnalysis" name="test_qa_448_trend_forecasting" time="0.000" /><testcase classname="tests.wave2_0_qa_infrastructure.test_advanced_analytics_phase2.TestTrendAnalysis" name="test_qa_449_trend_anomaly_detection" time="0.000" /><testcase classname="tests.wave2_0_qa_infrastructure.test_advanced_analytics_phase2.TestTrendAnalysis" name="test_qa_450_trend_comparison" time="0.000" /><testcase classname="tests.wave2_0_qa_infrastructure.test_advanced_analytics_phase2.TestPredictiveAnalytics" name="test_qa_451_model_initialization" time="0.000" /><testcase classname="tests.wave2_0_qa_infrastructure.test_advanced_analytics_phase2.TestPredictiveAnalytics" name="test_qa_452_prediction_generation" time="0.000" /><testcase classname="tests.wave2_0_qa_infrastructure.test_advanced_analytics_phase2.TestPredictiveAnalytics" name="test_qa_453_accuracy_tracking" time="0.000" /><testcase classname="tests.wave2_0_qa_infrastructure.test_advanced_analytics_phase2.TestPredictiveAnalytics" name="test_qa_454_prediction_visualization" time="0.000" /><testcase classname="tests.wave2_0_qa_infrastructure.test_advanced_analytics_phase2.TestPredictiveAnalytics" name="test_qa_455_prediction_error_handling" time="0.000" /><testcase classname="tests.wave2_0_qa_infrastructure.test_advanced_analytics_phase2.TestCustomReportGeneration" name="test_qa_456_template_creation" time="0.000" /><testcase classname="tests.wave2_0_qa_infrastructure.test_advanced_analytics_phase2.TestCustomReportGeneration" name="test_qa_457_data_aggregation" time="0.000" /><testcase classname="tests.wave2_0_qa_infrastructure.test_advanced_analytics_phase2.TestCustomReportGeneration" name="test_qa_458_report_rendering" time="0.000" /><testcase classname="tests.wave2_0_qa_infrastructure.test_advanced_analytics_phase2.TestCustomReportGeneration" name="test_qa_459_report_export" time="0.000" /><testcase classname="tests.wave2_0_qa_infrastructure.test_advanced_analytics_phase2.TestCustomReportGeneration" name="test_qa_460_report_scheduling" time="0.000" /></testsuite></testsuites>