<?xml version="1.0" encoding="utf-8"?><testsuites name="pytest tests"><testsuite name="pytest" errors="0" failures="0" skipped="0" tests="15" time="0.751" timestamp="2026-01-09T12:34:13.967589+00:00" hostname="runnervmi13qx"><testcase classname="tests.wave2_0_qa_infrastructure.test_failure_modes_phase2.TestAdvancedRecoveryPatterns" name="test_qa_256_adaptive_recovery_pattern" time="0.002" /><testcase classname="tests.wave2_0_qa_infrastructure.test_failure_modes_phase2.TestAdvancedRecoveryPatterns" name="test_qa_257_cascading_recovery_orchestration" time="0.000" /><testcase classname="tests.wave2_0_qa_infrastructure.test_failure_modes_phase2.TestAdvancedRecoveryPatterns" name="test_qa_258_contextual_recovery_strategy" time="0.000" /><testcase classname="tests.wave2_0_qa_infrastructure.test_failure_modes_phase2.TestAdvancedRecoveryPatterns" name="test_qa_259_recovery_rollback_on_failure" time="0.000" /><testcase classname="tests.wave2_0_qa_infrastructure.test_failure_modes_phase2.TestAdvancedRecoveryPatterns" name="test_qa_260_parallel_recovery_coordination" time="0.000" /><testcase classname="tests.wave2_0_qa_infrastructure.test_failure_modes_phase2.TestFailurePrediction" name="test_qa_261_failure_pattern_detection" time="0.000" /><testcase classname="tests.wave2_0_qa_infrastructure.test_failure_modes_phase2.TestFailurePrediction" name="test_qa_262_predictive_failure_scoring" time="0.000" /><testcase classname="tests.wave2_0_qa_infrastructure.test_failure_modes_phase2.TestFailurePrediction" name="test_qa_263_proactive_failure_alerting" time="0.000" /><testcase classname="tests.wave2_0_qa_infrastructure.test_failure_modes_phase2.TestFailurePrediction" name="test_qa_264_failure_trend_analysis" time="0.000" /><testcase classname="tests.wave2_0_qa_infrastructure.test_failure_modes_phase2.TestFailurePrediction" name="test_qa_265_ml_based_failure_prediction" time="0.000" /><testcase classname="tests.wave2_0_qa_infrastructure.test_failure_modes_phase2.TestResiliencePatterns" name="test_qa_266_circuit_breaker_pattern" time="0.000" /><testcase classname="tests.wave2_0_qa_infrastructure.test_failure_modes_phase2.TestResiliencePatterns" name="test_qa_267_bulkhead_isolation_pattern" time="0.000" /><testcase classname="tests.wave2_0_qa_infrastructure.test_failure_modes_phase2.TestResiliencePatterns" name="test_qa_268_retry_with_exponential_backoff" time="0.067" /><testcase classname="tests.wave2_0_qa_infrastructure.test_failure_modes_phase2.TestResiliencePatterns" name="test_qa_269_timeout_and_cancellation_pattern" time="0.601" /><testcase classname="tests.wave2_0_qa_infrastructure.test_failure_modes_phase2.TestResiliencePatterns" name="test_qa_270_graceful_degradation_pattern" time="0.000" /></testsuite></testsuites>