<?xml version="1.0" encoding="utf-8"?><testsuites name="pytest tests"><testsuite name="pytest" errors="0" failures="0" skipped="0" tests="15" time="5.085" timestamp="2026-01-09T11:43:24.322524+00:00" hostname="runnervmi13qx"><testcase classname="tests.wave2_0_qa_infrastructure.test_failure_modes_phase1.TestRecoveryWorkflows" name="test_qa_241_multi_level_drill_down_recovery" time="0.002" /><testcase classname="tests.wave2_0_qa_infrastructure.test_failure_modes_phase1.TestRecoveryWorkflows" name="test_qa_242_drill_down_error_handling_recovery" time="0.001" /><testcase classname="tests.wave2_0_qa_infrastructure.test_failure_modes_phase1.TestRecoveryWorkflows" name="test_qa_243_intent_state_transition_recovery" time="0.000" /><testcase classname="tests.wave2_0_qa_infrastructure.test_failure_modes_phase1.TestRecoveryWorkflows" name="test_qa_244_intent_clarification_completion_recovery" time="0.000" /><testcase classname="tests.wave2_0_qa_infrastructure.test_failure_modes_phase1.TestRecoveryWorkflows" name="test_qa_245_intent_rejection_recovery" time="0.000" /><testcase classname="tests.wave2_0_qa_infrastructure.test_failure_modes_phase1.TestTimeoutHandling" name="test_qa_246_intent_rework_timeout" time="1.001" /><testcase classname="tests.wave2_0_qa_infrastructure.test_failure_modes_phase1.TestTimeoutHandling" name="test_qa_247_requirement_approval_timeout" time="1.001" /><testcase classname="tests.wave2_0_qa_infrastructure.test_failure_modes_phase1.TestTimeoutHandling" name="test_qa_248_requirement_approval_decision_timeout" time="1.001" /><testcase classname="tests.wave2_0_qa_infrastructure.test_failure_modes_phase1.TestTimeoutHandling" name="test_qa_249_requirement_rejection_timeout" time="1.001" /><testcase classname="tests.wave2_0_qa_infrastructure.test_failure_modes_phase1.TestTimeoutHandling" name="test_qa_250_conditional_approval_timeout" time="1.001" /><testcase classname="tests.wave2_0_qa_infrastructure.test_failure_modes_phase1.TestErrorCascadeManagement" name="test_qa_251_requirement_freeze_immutability" time="0.000" /><testcase classname="tests.wave2_0_qa_infrastructure.test_failure_modes_phase1.TestErrorCascadeManagement" name="test_qa_252_build_initiation_cascade" time="0.001" /><testcase classname="tests.wave2_0_qa_infrastructure.test_failure_modes_phase1.TestErrorCascadeManagement" name="test_qa_253_build_blocking_cascade" time="0.000" /><testcase classname="tests.wave2_0_qa_infrastructure.test_failure_modes_phase1.TestErrorCascadeManagement" name="test_qa_254_build_unblocking_cascade" time="0.000" /><testcase classname="tests.wave2_0_qa_infrastructure.test_failure_modes_phase1.TestErrorCascadeManagement" name="test_qa_255_build_completion_cascade" time="0.000" /></testsuite></testsuites>