<?xml version="1.0" encoding="utf-8"?><testsuites name="pytest tests"><testsuite name="pytest" errors="0" failures="0" skipped="0" tests="10" time="0.082" timestamp="2026-01-05T16:12:57.615263+00:00" hostname="runnervmh13bl"><testcase classname="tests.wave2_0_qa_infrastructure.test_governance_advanced_security.TestSecurityFailureModes" name="test_qa_386_unauthorized_access_attempt" time="0.003" /><testcase classname="tests.wave2_0_qa_infrastructure.test_governance_advanced_security.TestSecurityFailureModes" name="test_qa_387_authority_escalation_abuse" time="0.001" /><testcase classname="tests.wave2_0_qa_infrastructure.test_governance_advanced_security.TestSecurityFailureModes" name="test_qa_388_data_tampering_attempt" time="0.001" /><testcase classname="tests.wave2_0_qa_infrastructure.test_governance_advanced_security.TestSecurityFailureModes" name="test_qa_389_governance_bypass_attempt" time="0.000" /><testcase classname="tests.wave2_0_qa_infrastructure.test_governance_advanced_security.TestSecurityFailureModes" name="test_qa_390_memory_fabric_unauthorized_write" time="0.000" /><testcase classname="tests.wave2_0_qa_infrastructure.test_governance_advanced_integration.TestIntegrationFailureModes" name="test_qa_391_github_api_rate_limit" time="0.000" /><testcase classname="tests.wave2_0_qa_infrastructure.test_governance_advanced_integration.TestIntegrationFailureModes" name="test_qa_392_github_webhook_delivery_failure" time="0.000" /><testcase classname="tests.wave2_0_qa_infrastructure.test_governance_advanced_integration.TestIntegrationFailureModes" name="test_qa_393_external_service_unavailable" time="0.000" /><testcase classname="tests.wave2_0_qa_infrastructure.test_governance_advanced_integration.TestIntegrationFailureModes" name="test_qa_394_data_sync_failure" time="0.000" /><testcase classname="tests.wave2_0_qa_infrastructure.test_governance_advanced_integration.TestIntegrationFailureModes" name="test_qa_395_integration_contract_violation" time="0.000" /></testsuite></testsuites>