<?xml version="1.0" encoding="utf-8"?><testsuites name="pytest tests"><testsuite name="pytest" errors="0" failures="0" skipped="0" tests="5" time="0.188" timestamp="2026-01-05T16:14:28.710373+00:00" hostname="runnervmh13bl"><testcase classname="tests.wave2_0_qa_infrastructure.test_full_watchdog_coverage.TestCascadingComponentFailure" name="test_qa_396_cascading_component_failure" time="0.002" /><testcase classname="tests.wave2_0_qa_infrastructure.test_full_watchdog_coverage.TestDeadlockDetection" name="test_qa_397_deadlock_detection" time="0.101" /><testcase classname="tests.wave2_0_qa_infrastructure.test_full_watchdog_coverage.TestRaceConditionHandling" name="test_qa_398_race_condition_handling" time="0.001" /><testcase classname="tests.wave2_0_qa_infrastructure.test_full_watchdog_coverage.TestDataConsistencyFailure" name="test_qa_399_data_consistency_failure" time="0.000" /><testcase classname="tests.wave2_0_qa_infrastructure.test_full_watchdog_coverage.TestSystemWideFailure" name="test_qa_400_system_wide_failure" time="0.000" /></testsuite></testsuites>