<?xml version="1.0" encoding="utf-8"?><testsuites name="pytest tests"><testsuite name="pytest" errors="0" failures="0" skipped="0" tests="15" time="0.081" timestamp="2026-01-09T08:36:44.280923+00:00" hostname="runnervmi13qx"><testcase classname="tests.wave2_0_qa_infrastructure.test_deep_integration_phase1.TestCrossSubsystemIntegration" name="test_qa_461_event_propagation" time="0.002" /><testcase classname="tests.wave2_0_qa_infrastructure.test_deep_integration_phase1.TestCrossSubsystemIntegration" name="test_qa_462_data_synchronization" time="0.000" /><testcase classname="tests.wave2_0_qa_infrastructure.test_deep_integration_phase1.TestCrossSubsystemIntegration" name="test_qa_463_state_coordination" time="0.000" /><testcase classname="tests.wave2_0_qa_infrastructure.test_deep_integration_phase1.TestCrossSubsystemIntegration" name="test_qa_464_dependency_management" time="0.000" /><testcase classname="tests.wave2_0_qa_infrastructure.test_deep_integration_phase1.TestCrossSubsystemIntegration" name="test_qa_465_error_handling" time="0.000" /><testcase classname="tests.wave2_0_qa_infrastructure.test_deep_integration_phase1.TestEventBus" name="test_qa_466_bus_initialization" time="0.000" /><testcase classname="tests.wave2_0_qa_infrastructure.test_deep_integration_phase1.TestEventBus" name="test_qa_467_event_publishing" time="0.000" /><testcase classname="tests.wave2_0_qa_infrastructure.test_deep_integration_phase1.TestEventBus" name="test_qa_468_event_subscription" time="0.000" /><testcase classname="tests.wave2_0_qa_infrastructure.test_deep_integration_phase1.TestEventBus" name="test_qa_469_ordering_guarantees" time="0.000" /><testcase classname="tests.wave2_0_qa_infrastructure.test_deep_integration_phase1.TestEventBus" name="test_qa_470_failure_handling" time="0.000" /><testcase classname="tests.wave2_0_qa_infrastructure.test_deep_integration_phase1.TestServiceCommunication" name="test_qa_471_service_discovery" time="0.000" /><testcase classname="tests.wave2_0_qa_infrastructure.test_deep_integration_phase1.TestServiceCommunication" name="test_qa_472_request_response" time="0.000" /><testcase classname="tests.wave2_0_qa_infrastructure.test_deep_integration_phase1.TestServiceCommunication" name="test_qa_473_retry_logic" time="0.000" /><testcase classname="tests.wave2_0_qa_infrastructure.test_deep_integration_phase1.TestServiceCommunication" name="test_qa_474_health_checking" time="0.000" /><testcase classname="tests.wave2_0_qa_infrastructure.test_deep_integration_phase1.TestServiceCommunication" name="test_qa_475_communication_security" time="0.000" /></testsuite></testsuites>