<?xml version="1.0" encoding="utf-8"?><testsuites name="pytest tests"><testsuite name="pytest" errors="0" failures="39" skipped="0" tests="39" time="0.092" timestamp="2026-01-02T14:33:40.739091+00:00" hostname="runnervmh13bl"><testcase classname="tests.wave1_ui.test_build_visibility_and_escalation_ui.TestBuildVisibilityUI" name="test_qa_089_render_build_progress" time="0.001"><failure message="ModuleNotFoundError: No module named 'ui'">E   ModuleNotFoundError: No module named 'ui'</failure></testcase><testcase classname="tests.wave1_ui.test_build_visibility_and_escalation_ui.TestBuildVisibilityUI" name="test_qa_090_render_builder_status" time="0.000"><failure message="ModuleNotFoundError: No module named 'ui'">E   ModuleNotFoundError: No module named 'ui'</failure></testcase><testcase classname="tests.wave1_ui.test_build_visibility_and_escalation_ui.TestBuildVisibilityUI" name="test_qa_091_render_qa_status_grid" time="0.000"><failure message="ModuleNotFoundError: No module named 'ui'">E   ModuleNotFoundError: No module named 'ui'</failure></testcase><testcase classname="tests.wave1_ui.test_build_visibility_and_escalation_ui.TestBuildVisibilityUI" name="test_qa_092_build_visibility_ui_updates" time="0.001"><failure message="ModuleNotFoundError: No module named 'ui'">E   ModuleNotFoundError: No module named 'ui'</failure></testcase><testcase classname="tests.wave1_ui.test_build_visibility_and_escalation_ui.TestEscalationUI" name="test_qa_110_render_escalation_inbox" time="0.000"><failure message="ModuleNotFoundError: No module named 'ui'">E   ModuleNotFoundError: No module named 'ui'</failure></testcase><testcase classname="tests.wave1_ui.test_build_visibility_and_escalation_ui.TestEscalationUI" name="test_qa_111_render_escalation_detail" time="0.000"><failure message="ModuleNotFoundError: No module named 'ui'">E   ModuleNotFoundError: No module named 'ui'</failure></testcase><testcase classname="tests.wave1_ui.test_build_visibility_and_escalation_ui.TestEscalationUI" name="test_qa_112_escalation_action_buttons" time="0.000"><failure message="ModuleNotFoundError: No module named 'ui'">E   ModuleNotFoundError: No module named 'ui'</failure></testcase><testcase classname="tests.wave1_ui.test_build_visibility_and_escalation_ui.TestEscalationUI" name="test_qa_113_escalation_resolution_ui" time="0.000"><failure message="ModuleNotFoundError: No module named 'ui'">E   ModuleNotFoundError: No module named 'ui'</failure></testcase><testcase classname="tests.wave1_ui.test_build_visibility_and_escalation_ui.TestEscalationUI" name="test_qa_114_escalation_priority_indicators" time="0.001"><failure message="ModuleNotFoundError: No module named 'ui'">E   ModuleNotFoundError: No module named 'ui'</failure></testcase><testcase classname="tests.wave1_ui.test_build_visibility_and_escalation_ui.TestEscalationUI" name="test_qa_115_escalation_context_display" time="0.000"><failure message="ModuleNotFoundError: No module named 'ui'">E   ModuleNotFoundError: No module named 'ui'</failure></testcase><testcase classname="tests.wave1_ui.test_build_visibility_and_escalation_ui.TestEscalationUI" name="test_qa_116_escalation_ui_error_handling" time="0.000"><failure message="ModuleNotFoundError: No module named 'ui'">E   ModuleNotFoundError: No module named 'ui'</failure></testcase><testcase classname="tests.wave1_ui.test_conversation_ui.TestConversationUIRenderer" name="test_qa_019_render_conversation_ui" time="0.000"><failure message="ModuleNotFoundError: No module named 'ui'">E   ModuleNotFoundError: No module named 'ui'</failure></testcase><testcase classname="tests.wave1_ui.test_conversation_ui.TestConversationUIRenderer" name="test_qa_020_update_conversation_ui_realtime" time="0.000"><failure message="ModuleNotFoundError: No module named 'ui'">E   ModuleNotFoundError: No module named 'ui'</failure></testcase><testcase classname="tests.wave1_ui.test_conversation_ui.TestConversationUIRenderer" name="test_qa_021_render_conversation_state_indicators" time="0.000"><failure message="ModuleNotFoundError: No module named 'ui'">E   ModuleNotFoundError: No module named 'ui'</failure></testcase><testcase classname="tests.wave1_ui.test_conversation_ui.TestConversationUIRenderer" name="test_qa_022_conversation_ui_error_handling" time="0.000"><failure message="ModuleNotFoundError: No module named 'ui'">E   ModuleNotFoundError: No module named 'ui'</failure></testcase><testcase classname="tests.wave1_ui.test_dashboard_renderer.TestExecutiveViewController" name="test_qa_033_default_to_executive_view" time="0.000"><failure message="ModuleNotFoundError: No module named 'ui'">E   ModuleNotFoundError: No module named 'ui'</failure></testcase><testcase classname="tests.wave1_ui.test_dashboard_renderer.TestExecutiveViewController" name="test_qa_034_navigate_to_analytics_section" time="0.000"><failure message="ModuleNotFoundError: No module named 'ui'">E   ModuleNotFoundError: No module named 'ui'</failure></testcase><testcase classname="tests.wave1_ui.test_dashboard_renderer.TestExecutiveViewController" name="test_qa_035_executive_view_controller_failure_modes" time="0.000"><failure message="ModuleNotFoundError: No module named 'ui'">E   ModuleNotFoundError: No module named 'ui'</failure></testcase><testcase classname="tests.wave1_ui.test_dashboard_renderer.TestDashboardUIRenderer" name="test_qa_036_render_rag_status_visualization" time="0.000"><failure message="ModuleNotFoundError: No module named 'ui'">E   ModuleNotFoundError: No module named 'ui'</failure></testcase><testcase classname="tests.wave1_ui.test_dashboard_renderer.TestDashboardUIRenderer" name="test_qa_037_render_domain_grouping" time="0.001"><failure message="ModuleNotFoundError: No module named 'ui'">E   ModuleNotFoundError: No module named 'ui'</failure></testcase><testcase classname="tests.wave1_ui.test_dashboard_renderer.TestDashboardUIRenderer" name="test_qa_038_update_dashboard_in_realtime" time="0.000"><failure message="ModuleNotFoundError: No module named 'ui'">E   ModuleNotFoundError: No module named 'ui'</failure></testcase><testcase classname="tests.wave1_ui.test_dashboard_renderer.TestDashboardUIRenderer" name="test_qa_039_render_historical_status" time="0.000"><failure message="ModuleNotFoundError: No module named 'ui'">E   ModuleNotFoundError: No module named 'ui'</failure></testcase><testcase classname="tests.wave1_ui.test_dashboard_renderer.TestDashboardUIRenderer" name="test_qa_040_dashboard_accessibility" time="0.000"><failure message="ModuleNotFoundError: No module named 'ui'">E   ModuleNotFoundError: No module named 'ui'</failure></testcase><testcase classname="tests.wave1_ui.test_dashboard_renderer.TestDashboardUIRenderer" name="test_qa_041_dashboard_responsiveness" time="0.000"><failure message="ModuleNotFoundError: No module named 'ui'">E   ModuleNotFoundError: No module named 'ui'</failure></testcase><testcase classname="tests.wave1_ui.test_dashboard_renderer.TestDashboardUIRenderer" name="test_qa_042_dashboard_ui_failure_modes" time="0.001"><failure message="ModuleNotFoundError: No module named 'ui'">E   ModuleNotFoundError: No module named 'ui'</failure></testcase><testcase classname="tests.wave1_ui.test_dashboard_ui.TestDomainStatusManagerUI" name="test_qa_023_initialize_domain_statuses_ui" time="0.000"><failure message="ModuleNotFoundError: No module named 'ui'">E   ModuleNotFoundError: No module named 'ui'</failure></testcase><testcase classname="tests.wave1_ui.test_dashboard_ui.TestDomainStatusManagerUI" name="test_qa_024_update_domain_status_to_amber_ui" time="0.000"><failure message="ModuleNotFoundError: No module named 'ui'">E   ModuleNotFoundError: No module named 'ui'</failure></testcase><testcase classname="tests.wave1_ui.test_dashboard_ui.TestDomainStatusManagerUI" name="test_qa_025_update_domain_status_to_red_ui" time="0.000"><failure message="ModuleNotFoundError: No module named 'ui'">E   ModuleNotFoundError: No module named 'ui'</failure></testcase><testcase classname="tests.wave1_ui.test_dashboard_ui.TestDomainStatusManagerUI" name="test_qa_026_query_domain_status_ui" time="0.000"><failure message="ModuleNotFoundError: No module named 'ui'">E   ModuleNotFoundError: No module named 'ui'</failure></testcase><testcase classname="tests.wave1_ui.test_dashboard_ui.TestDomainStatusManagerUI" name="test_qa_027_domain_status_manager_failure_modes_ui" time="0.001"><failure message="ModuleNotFoundError: No module named 'ui'">E   ModuleNotFoundError: No module named 'ui'</failure></testcase><testcase classname="tests.wave1_ui.test_dashboard_ui.TestDrillDownNavigatorUI" name="test_qa_028_navigate_from_red_status_to_root_cause_ui" time="0.000"><failure message="ModuleNotFoundError: No module named 'ui'">E   ModuleNotFoundError: No module named 'ui'</failure></testcase><testcase classname="tests.wave1_ui.test_dashboard_ui.TestDrillDownNavigatorUI" name="test_qa_029_navigate_from_amber_status_to_reason_ui" time="0.000"><failure message="ModuleNotFoundError: No module named 'ui'">E   ModuleNotFoundError: No module named 'ui'</failure></testcase><testcase classname="tests.wave1_ui.test_dashboard_ui.TestDrillDownNavigatorUI" name="test_qa_030_navigate_to_evidence_artifacts_ui" time="0.000"><failure message="ModuleNotFoundError: No module named 'ui'">E   ModuleNotFoundError: No module named 'ui'</failure></testcase><testcase classname="tests.wave1_ui.test_dashboard_ui.TestDrillDownNavigatorUI" name="test_qa_031_multi_level_drill_down_ui" time="0.000"><failure message="ModuleNotFoundError: No module named 'ui'">E   ModuleNotFoundError: No module named 'ui'</failure></testcase><testcase classname="tests.wave1_ui.test_dashboard_ui.TestDrillDownNavigatorUI" name="test_qa_032_drill_down_navigator_failure_modes_ui" time="0.001"><failure message="ModuleNotFoundError: No module named 'ui'">E   ModuleNotFoundError: No module named 'ui'</failure></testcase><testcase classname="tests.wave1_ui.test_parking_station_ui.TestParkingStationUI" name="test_qa_054_render_parked_items_list" time="0.000"><failure message="ModuleNotFoundError: No module named 'ui'">E   ModuleNotFoundError: No module named 'ui'</failure></testcase><testcase classname="tests.wave1_ui.test_parking_station_ui.TestParkingStationUI" name="test_qa_055_park_unpark_item_actions" time="0.000"><failure message="ModuleNotFoundError: No module named 'ui'">E   ModuleNotFoundError: No module named 'ui'</failure></testcase><testcase classname="tests.wave1_ui.test_parking_station_ui.TestParkingStationUI" name="test_qa_056_parking_reason_display" time="0.000"><failure message="ModuleNotFoundError: No module named 'ui'">E   ModuleNotFoundError: No module named 'ui'</failure></testcase><testcase classname="tests.wave1_ui.test_parking_station_ui.TestParkingStationUI" name="test_qa_057_parking_station_ui_error_handling" time="0.000"><failure message="ModuleNotFoundError: No module named 'ui'">E   ModuleNotFoundError: No module named 'ui'</failure></testcase></testsuite></testsuites>