<?xml version="1.0" encoding="utf-8"?><testsuites name="pytest tests"><testsuite name="pytest" errors="0" failures="0" skipped="0" tests="15" time="0.091" timestamp="2026-01-09T11:17:56.966788+00:00" hostname="runnervmi13qx"><testcase classname="tests.wave2_0_qa_infrastructure.test_deep_integration_phase2.TestTransactionManagement" name="test_qa_476_transaction_initialization" time="0.002" /><testcase classname="tests.wave2_0_qa_infrastructure.test_deep_integration_phase2.TestTransactionManagement" name="test_qa_477_transaction_commit" time="0.000" /><testcase classname="tests.wave2_0_qa_infrastructure.test_deep_integration_phase2.TestTransactionManagement" name="test_qa_478_transaction_rollback" time="0.000" /><testcase classname="tests.wave2_0_qa_infrastructure.test_deep_integration_phase2.TestTransactionManagement" name="test_qa_479_distributed_coordination" time="0.000" /><testcase classname="tests.wave2_0_qa_infrastructure.test_deep_integration_phase2.TestTransactionManagement" name="test_qa_480_failure_recovery" time="0.000" /><testcase classname="tests.wave2_0_qa_infrastructure.test_deep_integration_phase2.TestDataConsistency" name="test_qa_481_consistency_validation" time="0.000" /><testcase classname="tests.wave2_0_qa_infrastructure.test_deep_integration_phase2.TestDataConsistency" name="test_qa_482_consistency_repair" time="0.000" /><testcase classname="tests.wave2_0_qa_infrastructure.test_deep_integration_phase2.TestDataConsistency" name="test_qa_483_consistency_monitoring" time="0.000" /><testcase classname="tests.wave2_0_qa_infrastructure.test_deep_integration_phase2.TestDataConsistency" name="test_qa_484_eventual_consistency" time="0.000" /><testcase classname="tests.wave2_0_qa_infrastructure.test_deep_integration_phase2.TestDataConsistency" name="test_qa_485_conflict_resolution" time="0.000" /><testcase classname="tests.wave2_0_qa_infrastructure.test_deep_integration_phase2.TestIntegrationTestingFramework" name="test_qa_486_fixture_setup" time="0.000" /><testcase classname="tests.wave2_0_qa_infrastructure.test_deep_integration_phase2.TestIntegrationTestingFramework" name="test_qa_487_test_execution" time="0.000" /><testcase classname="tests.wave2_0_qa_infrastructure.test_deep_integration_phase2.TestIntegrationTestingFramework" name="test_qa_488_test_cleanup" time="0.000" /><testcase classname="tests.wave2_0_qa_infrastructure.test_deep_integration_phase2.TestIntegrationTestingFramework" name="test_qa_489_coverage_metrics" time="0.000" /><testcase classname="tests.wave2_0_qa_infrastructure.test_deep_integration_phase2.TestIntegrationTestingFramework" name="test_qa_490_failure_analysis" time="0.000" /></testsuite></testsuites>