============================= test session starts ==============================
platform linux -- Python 3.12.3, pytest-9.0.2, pluggy-1.6.0 -- /usr/bin/python3
cachedir: .pytest_cache
rootdir: /home/runner/work/maturion-foreman-office-app/maturion-foreman-office-app
configfile: pytest.ini
plugins: cov-7.0.0, asyncio-1.3.0, mock-3.15.1
asyncio: mode=Mode.STRICT, debug=False, asyncio_default_fixture_loop_scope=function, asyncio_default_test_loop_scope=function
collecting ... collected 91 items

tests/test_startup_requirement_loader.py::TestRequirementLoaderStructure::test_loader_file_exists PASSED [  1%]
tests/test_startup_requirement_loader.py::TestRequirementLoaderStructure::test_index_file_exists PASSED [  2%]
tests/test_startup_requirement_loader.py::TestRequirementLoaderStructure::test_readme_exists PASSED [  3%]
tests/test_startup_requirement_loader.py::TestRequirementsSchema::test_schema_file_exists PASSED [  4%]
tests/test_startup_requirement_loader.py::TestRequirementsSchema::test_requirements_file_exists PASSED [  5%]
tests/test_startup_requirement_loader.py::TestRequirementsSchema::test_requirements_structure FAILED [  6%]
tests/test_startup_requirement_loader.py::TestRequirementsSchema::test_requirements_include_memory_checks FAILED [  7%]
tests/test_startup_requirement_loader.py::TestLoaderAPI::test_loader_exports_required_methods FAILED [  8%]
tests/test_startup_requirement_loader.py::TestLoaderAPI::test_loader_defines_types PASSED [  9%]
tests/test_startup_requirement_loader.py::TestLoaderAPI::test_assessment_includes_status FAILED [ 10%]
tests/test_startup_requirement_loader.py::TestBatch2Constraints::test_no_execution_in_loader PASSED [ 12%]
tests/test_startup_requirement_loader.py::TestBatch2Constraints::test_readme_states_no_execution PASSED [ 13%]
tests/test_startup_requirement_loader.py::TestBatch2Constraints::test_critical_statement_present FAILED [ 14%]
tests/test_startup_requirement_loader.py::TestIntegration::test_integration_with_commissioning_documented PASSED [ 15%]
tests/test_startup_requirement_loader.py::TestIntegration::test_validators_are_read_only PASSED [ 16%]
tests/test_startup_requirement_loader.py::TestAcceptanceCriteria::test_ac_requirements_loadable PASSED [ 17%]
tests/test_startup_requirement_loader.py::TestAcceptanceCriteria::test_ac_validation_results_surfaced FAILED [ 18%]
tests/test_startup_requirement_loader.py::TestAcceptanceCriteria::test_ac_read_only_assessment_only PASSED [ 19%]
tests/test_startup_requirement_loader.py::TestAcceptanceCriteria::test_ac_no_execution_triggers FAILED [ 20%]
tests/test_startup_guard_spec.py::TestStartupGuardSpec::test_spec_file_exists PASSED [ 21%]
tests/test_startup_guard_spec.py::TestStartupGuardSpec::test_spec_includes_purpose PASSED [ 23%]
tests/test_startup_guard_spec.py::TestGuardBehavior::test_state_based_routing_defined PASSED [ 24%]
tests/test_startup_guard_spec.py::TestGuardBehavior::test_protected_routes_defined PASSED [ 25%]
tests/test_startup_guard_spec.py::TestGuardBehavior::test_unprotected_routes_defined PASSED [ 26%]
tests/test_startup_guard_spec.py::TestRedirectRules::test_deterministic_redirection PASSED [ 27%]
tests/test_startup_guard_spec.py::TestRedirectRules::test_no_bypass_paths PASSED [ 28%]
tests/test_startup_guard_spec.py::TestRedirectRules::test_persistent_state_check PASSED [ 29%]
tests/test_startup_guard_spec.py::TestBypassPrevention::test_bypass_checklist PASSED [ 30%]
tests/test_startup_guard_spec.py::TestBypassPrevention::test_no_exceptions_stated PASSED [ 31%]
tests/test_startup_guard_spec.py::TestBatch2Constraints::test_no_temporary_unlocks PASSED [ 32%]
tests/test_startup_guard_spec.py::TestBatch2Constraints::test_does_not_section PASSED [ 34%]
tests/test_startup_guard_spec.py::TestBatch2Constraints::test_read_only_state_check PASSED [ 35%]
tests/test_startup_guard_spec.py::TestBatch2Constraints::test_critical_statement_present PASSED [ 36%]
tests/test_startup_guard_spec.py::TestEnforcementLayer::test_enforcement_mechanism PASSED [ 37%]
tests/test_startup_guard_spec.py::TestEnforcementLayer::test_impossible_to_bypass_stated PASSED [ 38%]
tests/test_startup_guard_spec.py::TestIntegration::test_commissioning_controller_integration PASSED [ 39%]
tests/test_startup_guard_spec.py::TestAcceptanceCriteria::test_ac_blocks_invalid_access PASSED [ 40%]
tests/test_startup_guard_spec.py::TestAcceptanceCriteria::test_ac_no_bypass_paths PASSED [ 41%]
tests/test_startup_guard_spec.py::TestAcceptanceCriteria::test_ac_deterministic_redirects PASSED [ 42%]
tests/test_build_intervention.py::TestInterventionControllerInitialization::test_controller_initialization PASSED [ 43%]
tests/test_build_intervention.py::TestInterventionControllerInitialization::test_factory_function PASSED [ 45%]
tests/test_build_intervention.py::TestAlertIssuance::test_issue_alert_success PASSED [ 46%]
tests/test_build_intervention.py::TestAlertIssuance::test_issue_alert_invalid_scope PASSED [ 47%]
tests/test_build_intervention.py::TestAlertIssuance::test_issue_alert_rationale_too_short PASSED [ 48%]
tests/test_build_intervention.py::TestAlertIssuance::test_issue_alert_routing_step PASSED [ 49%]
tests/test_build_intervention.py::TestAlertIssuance::test_issue_alert_routing_application PASSED [ 50%]
tests/test_build_intervention.py::TestAlertIssuance::test_alert_persistence PASSED [ 51%]
tests/test_build_intervention.py::TestEmergencyStop::test_issue_emergency_stop_success PASSED [ 52%]
tests/test_build_intervention.py::TestEmergencyStop::test_emergency_stop_invalid_scope PASSED [ 53%]
tests/test_build_intervention.py::TestEmergencyStop::test_emergency_stop_rationale_too_short PASSED [ 54%]
tests/test_build_intervention.py::TestEmergencyStop::test_emergency_stop_missing_acknowledgment PASSED [ 56%]
tests/test_build_intervention.py::TestEmergencyStop::test_emergency_stop_wrong_confirmation PASSED [ 57%]
tests/test_build_intervention.py::TestEmergencyStop::test_emergency_stop_affected_nodes_step PASSED [ 58%]
tests/test_build_intervention.py::TestEmergencyStop::test_emergency_stop_affected_nodes_application PASSED [ 59%]
tests/test_build_intervention.py::TestEmergencyStop::test_stop_persistence PASSED [ 60%]
tests/test_build_intervention.py::TestInterventionContext::test_get_alert_context PASSED [ 61%]
tests/test_build_intervention.py::TestInterventionContext::test_get_stop_context PASSED [ 62%]
tests/test_build_intervention.py::TestInterventionContext::test_get_context_not_found PASSED [ 63%]
tests/test_build_intervention.py::TestResumption::test_resume_after_stop_success PASSED [ 64%]
tests/test_build_intervention.py::TestResumption::test_resume_not_found PASSED [ 65%]
tests/test_build_intervention.py::TestResumption::test_resume_already_resumed PASSED [ 67%]
tests/test_build_intervention.py::TestResumption::test_resume_resolution_too_short PASSED [ 68%]
tests/test_build_intervention.py::TestResumption::test_resume_persistence PASSED [ 69%]
tests/test_build_intervention.py::TestAuditTrail::test_audit_log_created PASSED [ 70%]
tests/test_build_intervention.py::TestAuditTrail::test_audit_log_contains_entries PASSED [ 71%]
tests/test_build_intervention.py::TestDataModel::test_alert_data_schema PASSED [ 72%]
tests/test_build_intervention.py::TestDataModel::test_stop_data_schema PASSED [ 73%]
tests/test_build_node_inspector.py::TestBuildNodeInspector::test_inspector_initialization PASSED [ 74%]
tests/test_build_node_inspector.py::TestBuildNodeInspector::test_create_inspector_factory PASSED [ 75%]
tests/test_build_node_inspector.py::TestBuildNodeInspector::test_inspect_node_invalid_type PASSED [ 76%]
tests/test_build_node_inspector.py::TestBuildNodeInspector::test_inspect_node_invalid_depth PASSED [ 78%]
tests/test_build_node_inspector.py::TestBuildNodeInspector::test_inspect_node_level_1 PASSED [ 79%]
tests/test_build_node_inspector.py::TestBuildNodeInspector::test_inspect_node_level_2 PASSED [ 80%]
tests/test_build_node_inspector.py::TestBuildNodeInspector::test_inspect_node_level_3 PASSED [ 81%]
tests/test_build_node_inspector.py::TestBuildNodeInspector::test_inspect_node_level_4 PASSED [ 82%]
tests/test_build_node_inspector.py::TestBuildNodeInspector::test_inspect_node_level_5 PASSED [ 83%]
tests/test_build_node_inspector.py::TestBuildNodeInspector::test_inspect_node_with_children PASSED [ 84%]
tests/test_build_node_inspector.py::TestBuildNodeInspector::test_inspect_node_without_children PASSED [ 85%]
tests/test_build_node_inspector.py::TestBuildNodeInspector::test_state_explanation_structure PASSED [ 86%]
tests/test_build_node_inspector.py::TestBuildNodeInspector::test_governing_checks_structure PASSED [ 87%]
tests/test_build_node_inspector.py::TestBuildNodeInspector::test_requirements_structure PASSED [ 89%]
tests/test_build_node_inspector.py::TestBuildNodeInspector::test_evidence_structure PASSED [ 90%]
tests/test_build_node_inspector.py::TestBuildNodeInspector::test_evidence_summary_structure PASSED [ 91%]
tests/test_build_node_inspector.py::TestBuildNodeInspector::test_decisions_structure PASSED [ 92%]
tests/test_build_node_inspector.py::TestBuildNodeInspector::test_audit_reports_structure PASSED [ 93%]
tests/test_build_node_inspector.py::TestBuildNodeInspector::test_blockers_structure PASSED [ 94%]
tests/test_build_node_inspector.py::TestBuildNodeInspector::test_stop_conditions_structure PASSED [ 95%]
tests/test_build_node_inspector.py::TestBuildNodeInspector::test_log_inspection PASSED [ 96%]
tests/test_build_node_inspector.py::TestBuildNodeInspector::test_node_types_supported PASSED [ 97%]
tests/test_build_node_inspector.py::TestBuildNodeInspector::test_inspection_is_read_only PASSED [ 98%]
tests/test_build_node_inspector.py::TestBuildNodeInspectorAPI::test_inspector_response_format PASSED [100%]

=================================== FAILURES ===================================
______________ TestRequirementsSchema.test_requirements_structure ______________
tests/test_startup_requirement_loader.py:133: in test_requirements_structure
    assert "validator" in req, f"Requirement must have validator: {req.get('id')}"
E   AssertionError: Requirement must have validator: memory-fabric-initialized
E   assert 'validator' in {'id': 'memory-fabric-initialized', 'name': 'Memory Fabric Initialization', 'category': 'memory', 'type': 'memory', 'check': 'memory-fabric-exists', 'critical': True, 'description': 'Verify that the memory fabric has been initialized and is accessible'}
________ TestRequirementsSchema.test_requirements_include_memory_checks ________
tests/test_startup_requirement_loader.py:164: in test_requirements_include_memory_checks
    assert any("LIFECYCLE" in id for id in mem_ids), \
E   AssertionError: Must include memory lifecycle requirement
E   assert False
E    +  where False = any(<generator object TestRequirementsSchema.test_requirements_include_memory_checks.<locals>.<genexpr> at 0x7f07aea48380>)
______________ TestLoaderAPI.test_loader_exports_required_methods ______________
tests/test_startup_requirement_loader.py:190: in test_loader_exports_required_methods
    assert method in content, \
E   AssertionError: RequirementLoader must export getFailingRequirements method
E   assert 'getFailingRequirements' in "/**\n * Startup Requirement Loader\n * \n * CRITICAL: This module has ZERO decision authority and ZERO execution capability.\n * It is a READ-ONLY assessment tool that surfaces validation results.\n * \n * Purpose:\n * - Load startup requirements from startup-requirements.json\n * - Validate requirements against the system state\n * - Surface validation results for consumption by commissioning system\n * - Provide read-only assessment of startup readiness\n * \n * What This Module DOES NOT Do:\n * - Does NOT make decisions about system behavior\n * - Does NOT execute any system changes\n * - Does NOT grant or deny access\n * - Does NOT modify system state\n * - Does NOT have authority over routing or access control\n * - Does NOT activate any system components\n * - Does NOT trigger execution of any kind\n * \n * Authority: Issue F-A2 - Batch 2 Memory & Commissioning Foundations\n */\n\nimport * as fs from 'fs';\nimport * as path from 'path';\n\n/**\n * Requirement validation status\n */\nexport interface RequirementStatus {\n  id: string;\n  name: string;\n  passed: boolean;\n  critical: boolean;\n  message: string;\n}\n\n/**\n * Overall assessment result\n */\nexport interface StartupAssessment {\n  ready: boolean;\n  overallStatus: 'READY' | 'NOT_READY';\n  timestamp: string;\n  requirements: RequirementStatus[];\n  criticalFailures: number;\n  totalRequirements: number;\n}\n\n/**\n * Alias for StartupAssessment for compatibility\n */\nexport type ValidationResult = StartupAssessment;\n\n/**\n * Requirement definition from JSON\n */\ninterface Requirement {\n  id: string;\n  name: string;\n  category: string;\n  type: string;\n  check: string;\n  critical: boolean;\n  description: string;\n}\n\n/**\n * Requirements configuration\n */\ninterface RequirementsConfig {\n  version: string;\n  requirements: Requirement[];\n}\n\n/**\n * Load startup requirements from JSON file\n * \n * READ-ONLY: This function only reads configuration, makes no system changes\n */\nexport function loadRequirements(): RequirementsConfig {\n  const requirementsPath = path.join(__dirname, 'startup-requirements.json');\n  const content = fs.readFileSync(requirementsPath, 'utf-8');\n  return JSON.parse(content) as RequirementsConfig;\n}\n\n/**\n * Validate a single requirement\n * \n * READ-ONLY: This function only checks state, makes no system changes\n */\nfunction validateRequirement(requirement: Requirement): RequirementStatus {\n  let passed = false;\n  let message = '';\n\n  // READ-ONLY checks based on requirement type\n  switch (requirement.type) {\n    case 'memory':\n      // Check if memory fabric exists (read-only)\n      passed = fs.existsSync(path.join(process.cwd(), 'memory'));\n      message = passed \n        ? 'Memory fabric directory exists' \n        : 'Memory fabric directory not found';\n      break;\n\n    case 'file':\n      // Check if required files exist (read-only)\n      if (requirement.check === 'governance-directory-exists') {\n        passed = fs.existsSync(path.join(process.cwd(), 'governance'));\n        message = passed\n          ? 'Governance directory exists'\n          : 'Governance directory not found';\n      } else if (requirement.check === 'architecture-index-exists') {\n        passed = fs.existsSync(path.join(process.cwd(), 'ARCHITECTURE_INDEX.json'));\n        message = passed\n          ? 'Architecture index exists'\n          : 'Architecture index not found';\n      }\n      break;\n\n    case 'config':\n      // Check configuration validity (read-only)\n      passed = fs.existsSync(path.join(process.cwd(), 'lib', 'commissioning'));\n      message = passed\n        ? 'Commissioning configuration directory exists'\n        : 'Commissioning configuration not found';\n      break;\n\n    default:\n      passed = false;\n      message = `Unknown requirement type: ${requirement.type}`;\n  }\n\n  return {\n    id: requirement.id,\n    name: requirement.name,\n    passed,\n    critical: requirement.critical,\n    message\n  };\n}\n\n/**\n * Assess all startup requirements\n * \n * READ-ONLY: This function only assesses state, makes no system changes\n * \n * Returns an assessment object with validation results\n */\nexport function assessStartupRequirements(): StartupAssessment {\n  const config = loadRequirements();\n  const results: RequirementStatus[] = [];\n  let criticalFailures = 0;\n\n  for (const requirement of config.requirements) {\n    const status = validateRequirement(requirement);\n    results.push(status);\n\n    if (!status.passed && status.critical) {\n      criticalFailures++;\n    }\n  }\n\n  const ready = criticalFailures === 0;\n\n  return {\n    ready,\n    overallStatus: ready ? 'READY' : 'NOT_READY',\n    timestamp: new Date().toISOString(),\n    requirements: results,\n    criticalFailures,\n    totalRequirements: config.requirements.length\n  };\n}\n\n/**\n * Alias for assessStartupRequirements for compatibility\n * \n * READ-ONLY: This function only assesses state, makes no system changes\n */\nexport function validateRequirements(): ValidationResult {\n  return assessStartupRequirements();\n}\n\n/**\n * Get requirement validation results for a specific requirement ID\n * \n * READ-ONLY: Returns validation state without modifying anything\n */\nexport function getRequirementStatus(requirementId: string): RequirementStatus | null {\n  const assessment = assessStartupRequirements();\n  return assessment.requirements.find(r => r.id === requirementId) || null;\n}\n"
________________ TestLoaderAPI.test_assessment_includes_status _________________
tests/test_startup_requirement_loader.py:223: in test_assessment_includes_status
    assert "DEGRADED" in content, "Assessment must define DEGRADED status"
E   AssertionError: Assessment must define DEGRADED status
E   assert 'DEGRADED' in "/**\n * Startup Requirement Loader\n * \n * CRITICAL: This module has ZERO decision authority and ZERO execution capability.\n * It is a READ-ONLY assessment tool that surfaces validation results.\n * \n * Purpose:\n * - Load startup requirements from startup-requirements.json\n * - Validate requirements against the system state\n * - Surface validation results for consumption by commissioning system\n * - Provide read-only assessment of startup readiness\n * \n * What This Module DOES NOT Do:\n * - Does NOT make decisions about system behavior\n * - Does NOT execute any system changes\n * - Does NOT grant or deny access\n * - Does NOT modify system state\n * - Does NOT have authority over routing or access control\n * - Does NOT activate any system components\n * - Does NOT trigger execution of any kind\n * \n * Authority: Issue F-A2 - Batch 2 Memory & Commissioning Foundations\n */\n\nimport * as fs from 'fs';\nimport * as path from 'path';\n\n/**\n * Requirement validation status\n */\nexport interface RequirementStatus {\n  id: string;\n  name: string;\n  passed: boolean;\n  critical: boolean;\n  message: string;\n}\n\n/**\n * Overall assessment result\n */\nexport interface StartupAssessment {\n  ready: boolean;\n  overallStatus: 'READY' | 'NOT_READY';\n  timestamp: string;\n  requirements: RequirementStatus[];\n  criticalFailures: number;\n  totalRequirements: number;\n}\n\n/**\n * Alias for StartupAssessment for compatibility\n */\nexport type ValidationResult = StartupAssessment;\n\n/**\n * Requirement definition from JSON\n */\ninterface Requirement {\n  id: string;\n  name: string;\n  category: string;\n  type: string;\n  check: string;\n  critical: boolean;\n  description: string;\n}\n\n/**\n * Requirements configuration\n */\ninterface RequirementsConfig {\n  version: string;\n  requirements: Requirement[];\n}\n\n/**\n * Load startup requirements from JSON file\n * \n * READ-ONLY: This function only reads configuration, makes no system changes\n */\nexport function loadRequirements(): RequirementsConfig {\n  const requirementsPath = path.join(__dirname, 'startup-requirements.json');\n  const content = fs.readFileSync(requirementsPath, 'utf-8');\n  return JSON.parse(content) as RequirementsConfig;\n}\n\n/**\n * Validate a single requirement\n * \n * READ-ONLY: This function only checks state, makes no system changes\n */\nfunction validateRequirement(requirement: Requirement): RequirementStatus {\n  let passed = false;\n  let message = '';\n\n  // READ-ONLY checks based on requirement type\n  switch (requirement.type) {\n    case 'memory':\n      // Check if memory fabric exists (read-only)\n      passed = fs.existsSync(path.join(process.cwd(), 'memory'));\n      message = passed \n        ? 'Memory fabric directory exists' \n        : 'Memory fabric directory not found';\n      break;\n\n    case 'file':\n      // Check if required files exist (read-only)\n      if (requirement.check === 'governance-directory-exists') {\n        passed = fs.existsSync(path.join(process.cwd(), 'governance'));\n        message = passed\n          ? 'Governance directory exists'\n          : 'Governance directory not found';\n      } else if (requirement.check === 'architecture-index-exists') {\n        passed = fs.existsSync(path.join(process.cwd(), 'ARCHITECTURE_INDEX.json'));\n        message = passed\n          ? 'Architecture index exists'\n          : 'Architecture index not found';\n      }\n      break;\n\n    case 'config':\n      // Check configuration validity (read-only)\n      passed = fs.existsSync(path.join(process.cwd(), 'lib', 'commissioning'));\n      message = passed\n        ? 'Commissioning configuration directory exists'\n        : 'Commissioning configuration not found';\n      break;\n\n    default:\n      passed = false;\n      message = `Unknown requirement type: ${requirement.type}`;\n  }\n\n  return {\n    id: requirement.id,\n    name: requirement.name,\n    passed,\n    critical: requirement.critical,\n    message\n  };\n}\n\n/**\n * Assess all startup requirements\n * \n * READ-ONLY: This function only assesses state, makes no system changes\n * \n * Returns an assessment object with validation results\n */\nexport function assessStartupRequirements(): StartupAssessment {\n  const config = loadRequirements();\n  const results: RequirementStatus[] = [];\n  let criticalFailures = 0;\n\n  for (const requirement of config.requirements) {\n    const status = validateRequirement(requirement);\n    results.push(status);\n\n    if (!status.passed && status.critical) {\n      criticalFailures++;\n    }\n  }\n\n  const ready = criticalFailures === 0;\n\n  return {\n    ready,\n    overallStatus: ready ? 'READY' : 'NOT_READY',\n    timestamp: new Date().toISOString(),\n    requirements: results,\n    criticalFailures,\n    totalRequirements: config.requirements.length\n  };\n}\n\n/**\n * Alias for assessStartupRequirements for compatibility\n * \n * READ-ONLY: This function only assesses state, makes no system changes\n */\nexport function validateRequirements(): ValidationResult {\n  return assessStartupRequirements();\n}\n\n/**\n * Get requirement validation results for a specific requirement ID\n * \n * READ-ONLY: Returns validation state without modifying anything\n */\nexport function getRequirementStatus(requirementId: string): RequirementStatus | null {\n  const assessment = assessStartupRequirements();\n  return assessment.requirements.find(r => r.id === requirementId) || null;\n}\n"
____________ TestBatch2Constraints.test_critical_statement_present _____________
tests/test_startup_requirement_loader.py:288: in test_critical_statement_present
    assert "does NOT trigger execution" in content or "does not trigger execution" in content, \
E   AssertionError: README must include critical statement about no execution
E   assert ('does NOT trigger execution' in '# Startup Requirement Loader\n\n**Version**: 1.0.0  \n**Authority**: Issue F-A2 - Batch 2 Memory & Commissioning Foundations  \n**Status**: Architecture-Only Implementation\n\n---\n\n## Purpose\n\nThe Startup Requirement Loader provides **read-only assessment** of application startup requirements. It validates that necessary prerequisites are in place before the application can be safely commissioned.\n\n**Key Characteristics**:\n- \u2705 Read-only validation\n- \u2705 Zero decision authority\n- \u2705 Zero execution capability\n- \u2705 Surfaces validation results only\n\n---\n\n## What This Module DOES\n\n1. **Loads Requirements**: Reads startup requirements from `startup-requirements.json`\n2. **Validates State**: Checks system state against requirements (read-only)\n3. **Surfaces Results**: Returns validation assessment for consumption by commissioning system\n4. **Provides Status**: Offers requirement-level status information\n\n---\n\n## What This Module DOES NOT Do\n\n**CRITICAL**: This module has **ZERO** authority and capability in the following areas:\n\n- \u274c **Does NOT make decisions** about system behavior\n- \u274c **Does NOT execute** any system changes or operations\n- \u274c **Does NOT activate** any system components or functionality\n- \u274c **Does NOT grant or deny** access to any system resources\n- \u274c **Does NOT modify** system state, configuration, or data\n- \u274c **Does NOT control** routing, navigation, or access control\n- \u274c **Does NOT trigger** any automated actions based on validation results\n- \u274c **Does NOT trigger execution** of any kind\n\n**Rationale**: Separation of concerns. This module assesses readiness. The commissioning system makes decisions based on that assessment.\n\n---\n\n## Usage\n\n### Basic Assessment\n\n```typescript\nimport { assessStartupRequirements } from \'./startup\';\n\nconst assessment = assessStartupRequirements();\n\nif (assessment.ready) {\n  console.log(\'All critical startup requirements met\');\n} else {\n  console.log(`${assessment.criticalFailures} critical failures`);\n}\n```\n\n### Check Specific Requirement\n\n```typescript\nimport { getRequirementStatus } from \'./startup\';\n\nconst memoryStatus = getRequirementStatus(\'memory-fabric-initialized\');\n\nif (memoryStatus && memoryStatus.passed) {\n  console.log(\'Memory fabric is ready\');\n}\n```\n\n### Load Requirements Configuration\n\n```typescript\nimport { loadRequirements } from \'./startup\';\n\nconst config = loadRequirements();\nconsole.log(`Loaded ${config.requirements.length} requirements`);\n```\n\n---\n\n## Integration with Commissioning\n\nThe Startup Requirement Loader integrates with the Commissioning Controller as follows:\n\n1. **Commissioning calls** `assessStartupRequirements()`\n2. **Loader returns** read-only assessment results\n3. **Commissioning decides** what action to take based on results\n4. **Commissioning executes** appropriate response (loader does not)\n\n**Example Integration**:\n\n```typescript\n// In Commissioning Controller\nconst assessment = assessStartupRequirements();\n\nif (!assessment.ready) {\n  // Commissioning Controller decides to block startup\n  return { status: \'blocked\', reason: assessment };\n} else {\n  // Commissioning Controller decides to proceed\n  return { status: \'ready\' };\n}\n```\n\n**Key Principle**: Loader assesses, Commissioning decides and executes.\n\n---\n\n## Requirements File Structure\n\n### startup-requirements.json\n\nDefines requirements to validate:\n\n```json\n{\n  "version": "1.0.0",\n  "requirements": [\n    {\n      "id": "requirement-id",\n      "name": "Requirement Name",\n      "type": "memory|file|config|environment",\n      "check": "validation-check-name",\n      "critical": true,\n      "description": "What this requirement validates"\n    }\n  ]\n}\n```\n\n### startup-requirements.schema.json\n\nJSON Schema for requirements validation.\n\n---\n\n## API Reference\n\n### Types\n\n#### `RequirementStatus`\n\n```typescript\ninterface RequirementStatus {\n  id: string;           // Requirement identifier\n  name: string;         // Human-readable name\n  passed: boolean;      // Whether requirement passed\n  critical: boolean;    // Whether requirement is critical\n  message: string;      // Validation result message\n}\n```\n\n#### `StartupAssessment`\n\n```typescript\ninterface StartupAssessment {\n  ready: boolean;               // Overall readiness status\n  overallStatus: \'READY\' | \'NOT_READY\';  // Status enum for commissioning flow\n  timestamp: string;            // ISO timestamp of assessment\n  requirements: RequirementStatus[];  // Individual requirement results\n  criticalFailures: number;     // Count of critical failures\n  totalRequirements: number;    // Total requirements checked\n}\n```\n\n### Functions\n\n#### `loadRequirements()`\n\nLoads requirements configuration from JSON file.\n\n**Returns**: `RequirementsConfig`\n\n**Side Effects**: None (read-only)\n\n---\n\n#### `assessStartupRequirements()`\n\nPerforms complete startup requirements assessment.\n\n**Returns**: `StartupAssessment`\n\n**Side Effects**: None (read-only)\n\n**Validates**:\n- Memory fabric existence\n- Governance files presence\n- Architecture indexing status\n- Commissioning system readiness\n\n---\n\n#### `getRequirementStatus(requirementId: string)`\n\nGets validation status for a specific requirement.\n\n**Parameters**:\n- `requirementId`: Unique identifier of requirement\n\n**Returns**: `RequirementStatus | null`\n\n**Side Effects**: None (read-only)\n\n---\n\n## Validation Types\n\n### Memory Checks\n\nValidates that memory fabric is initialized and accessible.\n\n**Example**: `memory-fabric-initialized`\n\n---\n\n### File Checks\n\nValidates that required files and directories exist.\n\n**Examples**:\n- `governance-directory-exists`\n- `architecture-index-exists`\n\n---\n\n### Config Checks\n\nValidates that configuration is valid and complete.\n\n**Example**: `commissioning-config-valid`\n\n---\n\n### Environment Checks\n\nValidates environment variables and system settings.\n\n*(Future extension)*\n\n---\n\n## Governance Compliance\n\n### Zero Decision Authority\n\nPer Batch 2 constraints, this module:\n\n- Makes **NO decisions** about system behavior\n- Has **NO authority** over access control\n- Cannot **GRANT or DENY** anything\n- Cannot **TRIGGER** any system actions\n\n**Enforcement**: Tests validate that no decision logic exists in code.\n\n---\n\n### Zero Execution Capability\n\nThis module:\n\n- **DOES NOT** modify system state\n- **DOES NOT** execute operations\n- **DOES NOT** write to filesystem (except for reading config)\n- **DOES NOT** call external systems\n\n**Enforcement**: Tests validate that no execution logic exists in code.\n\n---\n\n### Read-Only Assessment Only\n\nAll functions are **strictly read-only**:\n\n- File reads only (no writes)\n- State checks only (no modifications)\n- Return data only (no side effects)\n\n**Verification**: Code review and test validation confirm read-only nature.\n\n---\n\n## Testing\n\nSee `tests/test_startup_requirement_loader.py` for comprehensive test suite validating:\n\n- File structure correctness\n- API surface completeness\n- Read-only constraints\n- Integration patterns\n- Acceptance criteria\n\n---\n\n## Version History\n\n### 1.0.0 (2026-01-08)\n\n- Initial architecture-only implementation\n- Read-only requirement validation\n- Integration with commissioning system\n- Zero authority compliance\n\n---\n\n## References\n\n- **Issue F-A2**: Implement App Startup Requirement Loader\n- **Batch 2**: Memory & Commissioning Foundations\n- **Governance**: Zero authority and zero execution requirements\n- **Tests**: `tests/test_startup_requirement_loader.py`\n\n---\n\n**CRITICAL REMINDER**: This module is a **validator, not a decider**. It surfaces information for the commissioning system to act upon. It has zero authority to make system decisions or execute system changes.\n' or 'does not trigger execution' in '# Startup Requirement Loader\n\n**Version**: 1.0.0  \n**Authority**: Issue F-A2 - Batch 2 Memory & Commissioning Foundations  \n**Status**: Architecture-Only Implementation\n\n---\n\n## Purpose\n\nThe Startup Requirement Loader provides **read-only assessment** of application startup requirements. It validates that necessary prerequisites are in place before the application can be safely commissioned.\n\n**Key Characteristics**:\n- \u2705 Read-only validation\n- \u2705 Zero decision authority\n- \u2705 Zero execution capability\n- \u2705 Surfaces validation results only\n\n---\n\n## What This Module DOES\n\n1. **Loads Requirements**: Reads startup requirements from `startup-requirements.json`\n2. **Validates State**: Checks system state against requirements (read-only)\n3. **Surfaces Results**: Returns validation assessment for consumption by commissioning system\n4. **Provides Status**: Offers requirement-level status information\n\n---\n\n## What This Module DOES NOT Do\n\n**CRITICAL**: This module has **ZERO** authority and capability in the following areas:\n\n- \u274c **Does NOT make decisions** about system behavior\n- \u274c **Does NOT execute** any system changes or operations\n- \u274c **Does NOT activate** any system components or functionality\n- \u274c **Does NOT grant or deny** access to any system resources\n- \u274c **Does NOT modify** system state, configuration, or data\n- \u274c **Does NOT control** routing, navigation, or access control\n- \u274c **Does NOT trigger** any automated actions based on validation results\n- \u274c **Does NOT trigger execution** of any kind\n\n**Rationale**: Separation of concerns. This module assesses readiness. The commissioning system makes decisions based on that assessment.\n\n---\n\n## Usage\n\n### Basic Assessment\n\n```typescript\nimport { assessStartupRequirements } from \'./startup\';\n\nconst assessment = assessStartupRequirements();\n\nif (assessment.ready) {\n  console.log(\'All critical startup requirements met\');\n} else {\n  console.log(`${assessment.criticalFailures} critical failures`);\n}\n```\n\n### Check Specific Requirement\n\n```typescript\nimport { getRequirementStatus } from \'./startup\';\n\nconst memoryStatus = getRequirementStatus(\'memory-fabric-initialized\');\n\nif (memoryStatus && memoryStatus.passed) {\n  console.log(\'Memory fabric is ready\');\n}\n```\n\n### Load Requirements Configuration\n\n```typescript\nimport { loadRequirements } from \'./startup\';\n\nconst config = loadRequirements();\nconsole.log(`Loaded ${config.requirements.length} requirements`);\n```\n\n---\n\n## Integration with Commissioning\n\nThe Startup Requirement Loader integrates with the Commissioning Controller as follows:\n\n1. **Commissioning calls** `assessStartupRequirements()`\n2. **Loader returns** read-only assessment results\n3. **Commissioning decides** what action to take based on results\n4. **Commissioning executes** appropriate response (loader does not)\n\n**Example Integration**:\n\n```typescript\n// In Commissioning Controller\nconst assessment = assessStartupRequirements();\n\nif (!assessment.ready) {\n  // Commissioning Controller decides to block startup\n  return { status: \'blocked\', reason: assessment };\n} else {\n  // Commissioning Controller decides to proceed\n  return { status: \'ready\' };\n}\n```\n\n**Key Principle**: Loader assesses, Commissioning decides and executes.\n\n---\n\n## Requirements File Structure\n\n### startup-requirements.json\n\nDefines requirements to validate:\n\n```json\n{\n  "version": "1.0.0",\n  "requirements": [\n    {\n      "id": "requirement-id",\n      "name": "Requirement Name",\n      "type": "memory|file|config|environment",\n      "check": "validation-check-name",\n      "critical": true,\n      "description": "What this requirement validates"\n    }\n  ]\n}\n```\n\n### startup-requirements.schema.json\n\nJSON Schema for requirements validation.\n\n---\n\n## API Reference\n\n### Types\n\n#### `RequirementStatus`\n\n```typescript\ninterface RequirementStatus {\n  id: string;           // Requirement identifier\n  name: string;         // Human-readable name\n  passed: boolean;      // Whether requirement passed\n  critical: boolean;    // Whether requirement is critical\n  message: string;      // Validation result message\n}\n```\n\n#### `StartupAssessment`\n\n```typescript\ninterface StartupAssessment {\n  ready: boolean;               // Overall readiness status\n  overallStatus: \'READY\' | \'NOT_READY\';  // Status enum for commissioning flow\n  timestamp: string;            // ISO timestamp of assessment\n  requirements: RequirementStatus[];  // Individual requirement results\n  criticalFailures: number;     // Count of critical failures\n  totalRequirements: number;    // Total requirements checked\n}\n```\n\n### Functions\n\n#### `loadRequirements()`\n\nLoads requirements configuration from JSON file.\n\n**Returns**: `RequirementsConfig`\n\n**Side Effects**: None (read-only)\n\n---\n\n#### `assessStartupRequirements()`\n\nPerforms complete startup requirements assessment.\n\n**Returns**: `StartupAssessment`\n\n**Side Effects**: None (read-only)\n\n**Validates**:\n- Memory fabric existence\n- Governance files presence\n- Architecture indexing status\n- Commissioning system readiness\n\n---\n\n#### `getRequirementStatus(requirementId: string)`\n\nGets validation status for a specific requirement.\n\n**Parameters**:\n- `requirementId`: Unique identifier of requirement\n\n**Returns**: `RequirementStatus | null`\n\n**Side Effects**: None (read-only)\n\n---\n\n## Validation Types\n\n### Memory Checks\n\nValidates that memory fabric is initialized and accessible.\n\n**Example**: `memory-fabric-initialized`\n\n---\n\n### File Checks\n\nValidates that required files and directories exist.\n\n**Examples**:\n- `governance-directory-exists`\n- `architecture-index-exists`\n\n---\n\n### Config Checks\n\nValidates that configuration is valid and complete.\n\n**Example**: `commissioning-config-valid`\n\n---\n\n### Environment Checks\n\nValidates environment variables and system settings.\n\n*(Future extension)*\n\n---\n\n## Governance Compliance\n\n### Zero Decision Authority\n\nPer Batch 2 constraints, this module:\n\n- Makes **NO decisions** about system behavior\n- Has **NO authority** over access control\n- Cannot **GRANT or DENY** anything\n- Cannot **TRIGGER** any system actions\n\n**Enforcement**: Tests validate that no decision logic exists in code.\n\n---\n\n### Zero Execution Capability\n\nThis module:\n\n- **DOES NOT** modify system state\n- **DOES NOT** execute operations\n- **DOES NOT** write to filesystem (except for reading config)\n- **DOES NOT** call external systems\n\n**Enforcement**: Tests validate that no execution logic exists in code.\n\n---\n\n### Read-Only Assessment Only\n\nAll functions are **strictly read-only**:\n\n- File reads only (no writes)\n- State checks only (no modifications)\n- Return data only (no side effects)\n\n**Verification**: Code review and test validation confirm read-only nature.\n\n---\n\n## Testing\n\nSee `tests/test_startup_requirement_loader.py` for comprehensive test suite validating:\n\n- File structure correctness\n- API surface completeness\n- Read-only constraints\n- Integration patterns\n- Acceptance criteria\n\n---\n\n## Version History\n\n### 1.0.0 (2026-01-08)\n\n- Initial architecture-only implementation\n- Read-only requirement validation\n- Integration with commissioning system\n- Zero authority compliance\n\n---\n\n## References\n\n- **Issue F-A2**: Implement App Startup Requirement Loader\n- **Batch 2**: Memory & Commissioning Foundations\n- **Governance**: Zero authority and zero execution requirements\n- **Tests**: `tests/test_startup_requirement_loader.py`\n\n---\n\n**CRITICAL REMINDER**: This module is a **validator, not a decider**. It surfaces information for the commissioning system to act upon. It has zero authority to make system decisions or execute system changes.\n')
__________ TestAcceptanceCriteria.test_ac_validation_results_surfaced __________
tests/test_startup_requirement_loader.py:375: in test_ac_validation_results_surfaced
    assert field in content, \
E   AssertionError: StartupAssessment must include failed for commissioning flow
E   assert 'failed' in "/**\n * Startup Requirement Loader\n * \n * CRITICAL: This module has ZERO decision authority and ZERO execution capability.\n * It is a READ-ONLY assessment tool that surfaces validation results.\n * \n * Purpose:\n * - Load startup requirements from startup-requirements.json\n * - Validate requirements against the system state\n * - Surface validation results for consumption by commissioning system\n * - Provide read-only assessment of startup readiness\n * \n * What This Module DOES NOT Do:\n * - Does NOT make decisions about system behavior\n * - Does NOT execute any system changes\n * - Does NOT grant or deny access\n * - Does NOT modify system state\n * - Does NOT have authority over routing or access control\n * - Does NOT activate any system components\n * - Does NOT trigger execution of any kind\n * \n * Authority: Issue F-A2 - Batch 2 Memory & Commissioning Foundations\n */\n\nimport * as fs from 'fs';\nimport * as path from 'path';\n\n/**\n * Requirement validation status\n */\nexport interface RequirementStatus {\n  id: string;\n  name: string;\n  passed: boolean;\n  critical: boolean;\n  message: string;\n}\n\n/**\n * Overall assessment result\n */\nexport interface StartupAssessment {\n  ready: boolean;\n  overallStatus: 'READY' | 'NOT_READY';\n  timestamp: string;\n  requirements: RequirementStatus[];\n  criticalFailures: number;\n  totalRequirements: number;\n}\n\n/**\n * Alias for StartupAssessment for compatibility\n */\nexport type ValidationResult = StartupAssessment;\n\n/**\n * Requirement definition from JSON\n */\ninterface Requirement {\n  id: string;\n  name: string;\n  category: string;\n  type: string;\n  check: string;\n  critical: boolean;\n  description: string;\n}\n\n/**\n * Requirements configuration\n */\ninterface RequirementsConfig {\n  version: string;\n  requirements: Requirement[];\n}\n\n/**\n * Load startup requirements from JSON file\n * \n * READ-ONLY: This function only reads configuration, makes no system changes\n */\nexport function loadRequirements(): RequirementsConfig {\n  const requirementsPath = path.join(__dirname, 'startup-requirements.json');\n  const content = fs.readFileSync(requirementsPath, 'utf-8');\n  return JSON.parse(content) as RequirementsConfig;\n}\n\n/**\n * Validate a single requirement\n * \n * READ-ONLY: This function only checks state, makes no system changes\n */\nfunction validateRequirement(requirement: Requirement): RequirementStatus {\n  let passed = false;\n  let message = '';\n\n  // READ-ONLY checks based on requirement type\n  switch (requirement.type) {\n    case 'memory':\n      // Check if memory fabric exists (read-only)\n      passed = fs.existsSync(path.join(process.cwd(), 'memory'));\n      message = passed \n        ? 'Memory fabric directory exists' \n        : 'Memory fabric directory not found';\n      break;\n\n    case 'file':\n      // Check if required files exist (read-only)\n      if (requirement.check === 'governance-directory-exists') {\n        passed = fs.existsSync(path.join(process.cwd(), 'governance'));\n        message = passed\n          ? 'Governance directory exists'\n          : 'Governance directory not found';\n      } else if (requirement.check === 'architecture-index-exists') {\n        passed = fs.existsSync(path.join(process.cwd(), 'ARCHITECTURE_INDEX.json'));\n        message = passed\n          ? 'Architecture index exists'\n          : 'Architecture index not found';\n      }\n      break;\n\n    case 'config':\n      // Check configuration validity (read-only)\n      passed = fs.existsSync(path.join(process.cwd(), 'lib', 'commissioning'));\n      message = passed\n        ? 'Commissioning configuration directory exists'\n        : 'Commissioning configuration not found';\n      break;\n\n    default:\n      passed = false;\n      message = `Unknown requirement type: ${requirement.type}`;\n  }\n\n  return {\n    id: requirement.id,\n    name: requirement.name,\n    passed,\n    critical: requirement.critical,\n    message\n  };\n}\n\n/**\n * Assess all startup requirements\n * \n * READ-ONLY: This function only assesses state, makes no system changes\n * \n * Returns an assessment object with validation results\n */\nexport function assessStartupRequirements(): StartupAssessment {\n  const config = loadRequirements();\n  const results: RequirementStatus[] = [];\n  let criticalFailures = 0;\n\n  for (const requirement of config.requirements) {\n    const status = validateRequirement(requirement);\n    results.push(status);\n\n    if (!status.passed && status.critical) {\n      criticalFailures++;\n    }\n  }\n\n  const ready = criticalFailures === 0;\n\n  return {\n    ready,\n    overallStatus: ready ? 'READY' : 'NOT_READY',\n    timestamp: new Date().toISOString(),\n    requirements: results,\n    criticalFailures,\n    totalRequirements: config.requirements.length\n  };\n}\n\n/**\n * Alias for assessStartupRequirements for compatibility\n * \n * READ-ONLY: This function only assesses state, makes no system changes\n */\nexport function validateRequirements(): ValidationResult {\n  return assessStartupRequirements();\n}\n\n/**\n * Get requirement validation results for a specific requirement ID\n * \n * READ-ONLY: Returns validation state without modifying anything\n */\nexport function getRequirementStatus(requirementId: string): RequirementStatus | null {\n  const assessment = assessStartupRequirements();\n  return assessment.requirements.find(r => r.id === requirementId) || null;\n}\n"
_____________ TestAcceptanceCriteria.test_ac_no_execution_triggers _____________
tests/test_startup_requirement_loader.py:402: in test_ac_no_execution_triggers
    assert "does NOT trigger" in content or "does not trigger" in content, \
E   AssertionError: Must explicitly state does not trigger execution
E   assert ('does NOT trigger' in '# Startup Requirement Loader\n\n**Version**: 1.0.0  \n**Authority**: Issue F-A2 - Batch 2 Memory & Commissioning Foundations  \n**Status**: Architecture-Only Implementation\n\n---\n\n## Purpose\n\nThe Startup Requirement Loader provides **read-only assessment** of application startup requirements. It validates that necessary prerequisites are in place before the application can be safely commissioned.\n\n**Key Characteristics**:\n- \u2705 Read-only validation\n- \u2705 Zero decision authority\n- \u2705 Zero execution capability\n- \u2705 Surfaces validation results only\n\n---\n\n## What This Module DOES\n\n1. **Loads Requirements**: Reads startup requirements from `startup-requirements.json`\n2. **Validates State**: Checks system state against requirements (read-only)\n3. **Surfaces Results**: Returns validation assessment for consumption by commissioning system\n4. **Provides Status**: Offers requirement-level status information\n\n---\n\n## What This Module DOES NOT Do\n\n**CRITICAL**: This module has **ZERO** authority and capability in the following areas:\n\n- \u274c **Does NOT make decisions** about system behavior\n- \u274c **Does NOT execute** any system changes or operations\n- \u274c **Does NOT activate** any system components or functionality\n- \u274c **Does NOT grant or deny** access to any system resources\n- \u274c **Does NOT modify** system state, configuration, or data\n- \u274c **Does NOT control** routing, navigation, or access control\n- \u274c **Does NOT trigger** any automated actions based on validation results\n- \u274c **Does NOT trigger execution** of any kind\n\n**Rationale**: Separation of concerns. This module assesses readiness. The commissioning system makes decisions based on that assessment.\n\n---\n\n## Usage\n\n### Basic Assessment\n\n```typescript\nimport { assessStartupRequirements } from \'./startup\';\n\nconst assessment = assessStartupRequirements();\n\nif (assessment.ready) {\n  console.log(\'All critical startup requirements met\');\n} else {\n  console.log(`${assessment.criticalFailures} critical failures`);\n}\n```\n\n### Check Specific Requirement\n\n```typescript\nimport { getRequirementStatus } from \'./startup\';\n\nconst memoryStatus = getRequirementStatus(\'memory-fabric-initialized\');\n\nif (memoryStatus && memoryStatus.passed) {\n  console.log(\'Memory fabric is ready\');\n}\n```\n\n### Load Requirements Configuration\n\n```typescript\nimport { loadRequirements } from \'./startup\';\n\nconst config = loadRequirements();\nconsole.log(`Loaded ${config.requirements.length} requirements`);\n```\n\n---\n\n## Integration with Commissioning\n\nThe Startup Requirement Loader integrates with the Commissioning Controller as follows:\n\n1. **Commissioning calls** `assessStartupRequirements()`\n2. **Loader returns** read-only assessment results\n3. **Commissioning decides** what action to take based on results\n4. **Commissioning executes** appropriate response (loader does not)\n\n**Example Integration**:\n\n```typescript\n// In Commissioning Controller\nconst assessment = assessStartupRequirements();\n\nif (!assessment.ready) {\n  // Commissioning Controller decides to block startup\n  return { status: \'blocked\', reason: assessment };\n} else {\n  // Commissioning Controller decides to proceed\n  return { status: \'ready\' };\n}\n```\n\n**Key Principle**: Loader assesses, Commissioning decides and executes.\n\n---\n\n## Requirements File Structure\n\n### startup-requirements.json\n\nDefines requirements to validate:\n\n```json\n{\n  "version": "1.0.0",\n  "requirements": [\n    {\n      "id": "requirement-id",\n      "name": "Requirement Name",\n      "type": "memory|file|config|environment",\n      "check": "validation-check-name",\n      "critical": true,\n      "description": "What this requirement validates"\n    }\n  ]\n}\n```\n\n### startup-requirements.schema.json\n\nJSON Schema for requirements validation.\n\n---\n\n## API Reference\n\n### Types\n\n#### `RequirementStatus`\n\n```typescript\ninterface RequirementStatus {\n  id: string;           // Requirement identifier\n  name: string;         // Human-readable name\n  passed: boolean;      // Whether requirement passed\n  critical: boolean;    // Whether requirement is critical\n  message: string;      // Validation result message\n}\n```\n\n#### `StartupAssessment`\n\n```typescript\ninterface StartupAssessment {\n  ready: boolean;               // Overall readiness status\n  overallStatus: \'READY\' | \'NOT_READY\';  // Status enum for commissioning flow\n  timestamp: string;            // ISO timestamp of assessment\n  requirements: RequirementStatus[];  // Individual requirement results\n  criticalFailures: number;     // Count of critical failures\n  totalRequirements: number;    // Total requirements checked\n}\n```\n\n### Functions\n\n#### `loadRequirements()`\n\nLoads requirements configuration from JSON file.\n\n**Returns**: `RequirementsConfig`\n\n**Side Effects**: None (read-only)\n\n---\n\n#### `assessStartupRequirements()`\n\nPerforms complete startup requirements assessment.\n\n**Returns**: `StartupAssessment`\n\n**Side Effects**: None (read-only)\n\n**Validates**:\n- Memory fabric existence\n- Governance files presence\n- Architecture indexing status\n- Commissioning system readiness\n\n---\n\n#### `getRequirementStatus(requirementId: string)`\n\nGets validation status for a specific requirement.\n\n**Parameters**:\n- `requirementId`: Unique identifier of requirement\n\n**Returns**: `RequirementStatus | null`\n\n**Side Effects**: None (read-only)\n\n---\n\n## Validation Types\n\n### Memory Checks\n\nValidates that memory fabric is initialized and accessible.\n\n**Example**: `memory-fabric-initialized`\n\n---\n\n### File Checks\n\nValidates that required files and directories exist.\n\n**Examples**:\n- `governance-directory-exists`\n- `architecture-index-exists`\n\n---\n\n### Config Checks\n\nValidates that configuration is valid and complete.\n\n**Example**: `commissioning-config-valid`\n\n---\n\n### Environment Checks\n\nValidates environment variables and system settings.\n\n*(Future extension)*\n\n---\n\n## Governance Compliance\n\n### Zero Decision Authority\n\nPer Batch 2 constraints, this module:\n\n- Makes **NO decisions** about system behavior\n- Has **NO authority** over access control\n- Cannot **GRANT or DENY** anything\n- Cannot **TRIGGER** any system actions\n\n**Enforcement**: Tests validate that no decision logic exists in code.\n\n---\n\n### Zero Execution Capability\n\nThis module:\n\n- **DOES NOT** modify system state\n- **DOES NOT** execute operations\n- **DOES NOT** write to filesystem (except for reading config)\n- **DOES NOT** call external systems\n\n**Enforcement**: Tests validate that no execution logic exists in code.\n\n---\n\n### Read-Only Assessment Only\n\nAll functions are **strictly read-only**:\n\n- File reads only (no writes)\n- State checks only (no modifications)\n- Return data only (no side effects)\n\n**Verification**: Code review and test validation confirm read-only nature.\n\n---\n\n## Testing\n\nSee `tests/test_startup_requirement_loader.py` for comprehensive test suite validating:\n\n- File structure correctness\n- API surface completeness\n- Read-only constraints\n- Integration patterns\n- Acceptance criteria\n\n---\n\n## Version History\n\n### 1.0.0 (2026-01-08)\n\n- Initial architecture-only implementation\n- Read-only requirement validation\n- Integration with commissioning system\n- Zero authority compliance\n\n---\n\n## References\n\n- **Issue F-A2**: Implement App Startup Requirement Loader\n- **Batch 2**: Memory & Commissioning Foundations\n- **Governance**: Zero authority and zero execution requirements\n- **Tests**: `tests/test_startup_requirement_loader.py`\n\n---\n\n**CRITICAL REMINDER**: This module is a **validator, not a decider**. It surfaces information for the commissioning system to act upon. It has zero authority to make system decisions or execute system changes.\n' or 'does not trigger' in '# Startup Requirement Loader\n\n**Version**: 1.0.0  \n**Authority**: Issue F-A2 - Batch 2 Memory & Commissioning Foundations  \n**Status**: Architecture-Only Implementation\n\n---\n\n## Purpose\n\nThe Startup Requirement Loader provides **read-only assessment** of application startup requirements. It validates that necessary prerequisites are in place before the application can be safely commissioned.\n\n**Key Characteristics**:\n- \u2705 Read-only validation\n- \u2705 Zero decision authority\n- \u2705 Zero execution capability\n- \u2705 Surfaces validation results only\n\n---\n\n## What This Module DOES\n\n1. **Loads Requirements**: Reads startup requirements from `startup-requirements.json`\n2. **Validates State**: Checks system state against requirements (read-only)\n3. **Surfaces Results**: Returns validation assessment for consumption by commissioning system\n4. **Provides Status**: Offers requirement-level status information\n\n---\n\n## What This Module DOES NOT Do\n\n**CRITICAL**: This module has **ZERO** authority and capability in the following areas:\n\n- \u274c **Does NOT make decisions** about system behavior\n- \u274c **Does NOT execute** any system changes or operations\n- \u274c **Does NOT activate** any system components or functionality\n- \u274c **Does NOT grant or deny** access to any system resources\n- \u274c **Does NOT modify** system state, configuration, or data\n- \u274c **Does NOT control** routing, navigation, or access control\n- \u274c **Does NOT trigger** any automated actions based on validation results\n- \u274c **Does NOT trigger execution** of any kind\n\n**Rationale**: Separation of concerns. This module assesses readiness. The commissioning system makes decisions based on that assessment.\n\n---\n\n## Usage\n\n### Basic Assessment\n\n```typescript\nimport { assessStartupRequirements } from \'./startup\';\n\nconst assessment = assessStartupRequirements();\n\nif (assessment.ready) {\n  console.log(\'All critical startup requirements met\');\n} else {\n  console.log(`${assessment.criticalFailures} critical failures`);\n}\n```\n\n### Check Specific Requirement\n\n```typescript\nimport { getRequirementStatus } from \'./startup\';\n\nconst memoryStatus = getRequirementStatus(\'memory-fabric-initialized\');\n\nif (memoryStatus && memoryStatus.passed) {\n  console.log(\'Memory fabric is ready\');\n}\n```\n\n### Load Requirements Configuration\n\n```typescript\nimport { loadRequirements } from \'./startup\';\n\nconst config = loadRequirements();\nconsole.log(`Loaded ${config.requirements.length} requirements`);\n```\n\n---\n\n## Integration with Commissioning\n\nThe Startup Requirement Loader integrates with the Commissioning Controller as follows:\n\n1. **Commissioning calls** `assessStartupRequirements()`\n2. **Loader returns** read-only assessment results\n3. **Commissioning decides** what action to take based on results\n4. **Commissioning executes** appropriate response (loader does not)\n\n**Example Integration**:\n\n```typescript\n// In Commissioning Controller\nconst assessment = assessStartupRequirements();\n\nif (!assessment.ready) {\n  // Commissioning Controller decides to block startup\n  return { status: \'blocked\', reason: assessment };\n} else {\n  // Commissioning Controller decides to proceed\n  return { status: \'ready\' };\n}\n```\n\n**Key Principle**: Loader assesses, Commissioning decides and executes.\n\n---\n\n## Requirements File Structure\n\n### startup-requirements.json\n\nDefines requirements to validate:\n\n```json\n{\n  "version": "1.0.0",\n  "requirements": [\n    {\n      "id": "requirement-id",\n      "name": "Requirement Name",\n      "type": "memory|file|config|environment",\n      "check": "validation-check-name",\n      "critical": true,\n      "description": "What this requirement validates"\n    }\n  ]\n}\n```\n\n### startup-requirements.schema.json\n\nJSON Schema for requirements validation.\n\n---\n\n## API Reference\n\n### Types\n\n#### `RequirementStatus`\n\n```typescript\ninterface RequirementStatus {\n  id: string;           // Requirement identifier\n  name: string;         // Human-readable name\n  passed: boolean;      // Whether requirement passed\n  critical: boolean;    // Whether requirement is critical\n  message: string;      // Validation result message\n}\n```\n\n#### `StartupAssessment`\n\n```typescript\ninterface StartupAssessment {\n  ready: boolean;               // Overall readiness status\n  overallStatus: \'READY\' | \'NOT_READY\';  // Status enum for commissioning flow\n  timestamp: string;            // ISO timestamp of assessment\n  requirements: RequirementStatus[];  // Individual requirement results\n  criticalFailures: number;     // Count of critical failures\n  totalRequirements: number;    // Total requirements checked\n}\n```\n\n### Functions\n\n#### `loadRequirements()`\n\nLoads requirements configuration from JSON file.\n\n**Returns**: `RequirementsConfig`\n\n**Side Effects**: None (read-only)\n\n---\n\n#### `assessStartupRequirements()`\n\nPerforms complete startup requirements assessment.\n\n**Returns**: `StartupAssessment`\n\n**Side Effects**: None (read-only)\n\n**Validates**:\n- Memory fabric existence\n- Governance files presence\n- Architecture indexing status\n- Commissioning system readiness\n\n---\n\n#### `getRequirementStatus(requirementId: string)`\n\nGets validation status for a specific requirement.\n\n**Parameters**:\n- `requirementId`: Unique identifier of requirement\n\n**Returns**: `RequirementStatus | null`\n\n**Side Effects**: None (read-only)\n\n---\n\n## Validation Types\n\n### Memory Checks\n\nValidates that memory fabric is initialized and accessible.\n\n**Example**: `memory-fabric-initialized`\n\n---\n\n### File Checks\n\nValidates that required files and directories exist.\n\n**Examples**:\n- `governance-directory-exists`\n- `architecture-index-exists`\n\n---\n\n### Config Checks\n\nValidates that configuration is valid and complete.\n\n**Example**: `commissioning-config-valid`\n\n---\n\n### Environment Checks\n\nValidates environment variables and system settings.\n\n*(Future extension)*\n\n---\n\n## Governance Compliance\n\n### Zero Decision Authority\n\nPer Batch 2 constraints, this module:\n\n- Makes **NO decisions** about system behavior\n- Has **NO authority** over access control\n- Cannot **GRANT or DENY** anything\n- Cannot **TRIGGER** any system actions\n\n**Enforcement**: Tests validate that no decision logic exists in code.\n\n---\n\n### Zero Execution Capability\n\nThis module:\n\n- **DOES NOT** modify system state\n- **DOES NOT** execute operations\n- **DOES NOT** write to filesystem (except for reading config)\n- **DOES NOT** call external systems\n\n**Enforcement**: Tests validate that no execution logic exists in code.\n\n---\n\n### Read-Only Assessment Only\n\nAll functions are **strictly read-only**:\n\n- File reads only (no writes)\n- State checks only (no modifications)\n- Return data only (no side effects)\n\n**Verification**: Code review and test validation confirm read-only nature.\n\n---\n\n## Testing\n\nSee `tests/test_startup_requirement_loader.py` for comprehensive test suite validating:\n\n- File structure correctness\n- API surface completeness\n- Read-only constraints\n- Integration patterns\n- Acceptance criteria\n\n---\n\n## Version History\n\n### 1.0.0 (2026-01-08)\n\n- Initial architecture-only implementation\n- Read-only requirement validation\n- Integration with commissioning system\n- Zero authority compliance\n\n---\n\n## References\n\n- **Issue F-A2**: Implement App Startup Requirement Loader\n- **Batch 2**: Memory & Commissioning Foundations\n- **Governance**: Zero authority and zero execution requirements\n- **Tests**: `tests/test_startup_requirement_loader.py`\n\n---\n\n**CRITICAL REMINDER**: This module is a **validator, not a decider**. It surfaces information for the commissioning system to act upon. It has zero authority to make system decisions or execute system changes.\n')
=========================== short test summary info ============================
FAILED tests/test_startup_requirement_loader.py::TestRequirementsSchema::test_requirements_structure - AssertionError: Requirement must have validator: memory-fabric-initialized
assert 'validator' in {'id': 'memory-fabric-initialized', 'name': 'Memory Fabric Initialization', 'category': 'memory', 'type': 'memory', 'check': 'memory-fabric-exists', 'critical': True, 'description': 'Verify that the memory fabric has been initialized and is accessible'}
FAILED tests/test_startup_requirement_loader.py::TestRequirementsSchema::test_requirements_include_memory_checks - AssertionError: Must include memory lifecycle requirement
assert False
 +  where False = any(<generator object TestRequirementsSchema.test_requirements_include_memory_checks.<locals>.<genexpr> at 0x7f07aea48380>)
FAILED tests/test_startup_requirement_loader.py::TestLoaderAPI::test_loader_exports_required_methods - AssertionError: RequirementLoader must export getFailingRequirements method
assert 'getFailingRequirements' in "/**\n * Startup Requirement Loader\n * \n * CRITICAL: This module has ZERO decision authority and ZERO execution capability.\n * It is a READ-ONLY assessment tool that surfaces validation results.\n * \n * Purpose:\n * - Load startup requirements from startup-requirements.json\n * - Validate requirements against the system state\n * - Surface validation results for consumption by commissioning system\n * - Provide read-only assessment of startup readiness\n * \n * What This Module DOES NOT Do:\n * - Does NOT make decisions about system behavior\n * - Does NOT execute any system changes\n * - Does NOT grant or deny access\n * - Does NOT modify system state\n * - Does NOT have authority over routing or access control\n * - Does NOT activate any system components\n * - Does NOT trigger execution of any kind\n * \n * Authority: Issue F-A2 - Batch 2 Memory & Commissioning Foundations\n */\n\nimport * as fs from 'fs';\nimport * as path from 'path';\n\n/**\n * Requirement validation status\n */\nexport interface RequirementStatus {\n  id: string;\n  name: string;\n  passed: boolean;\n  critical: boolean;\n  message: string;\n}\n\n/**\n * Overall assessment result\n */\nexport interface StartupAssessment {\n  ready: boolean;\n  overallStatus: 'READY' | 'NOT_READY';\n  timestamp: string;\n  requirements: RequirementStatus[];\n  criticalFailures: number;\n  totalRequirements: number;\n}\n\n/**\n * Alias for StartupAssessment for compatibility\n */\nexport type ValidationResult = StartupAssessment;\n\n/**\n * Requirement definition from JSON\n */\ninterface Requirement {\n  id: string;\n  name: string;\n  category: string;\n  type: string;\n  check: string;\n  critical: boolean;\n  description: string;\n}\n\n/**\n * Requirements configuration\n */\ninterface RequirementsConfig {\n  version: string;\n  requirements: Requirement[];\n}\n\n/**\n * Load startup requirements from JSON file\n * \n * READ-ONLY: This function only reads configuration, makes no system changes\n */\nexport function loadRequirements(): RequirementsConfig {\n  const requirementsPath = path.join(__dirname, 'startup-requirements.json');\n  const content = fs.readFileSync(requirementsPath, 'utf-8');\n  return JSON.parse(content) as RequirementsConfig;\n}\n\n/**\n * Validate a single requirement\n * \n * READ-ONLY: This function only checks state, makes no system changes\n */\nfunction validateRequirement(requirement: Requirement): RequirementStatus {\n  let passed = false;\n  let message = '';\n\n  // READ-ONLY checks based on requirement type\n  switch (requirement.type) {\n    case 'memory':\n      // Check if memory fabric exists (read-only)\n      passed = fs.existsSync(path.join(process.cwd(), 'memory'));\n      message = passed \n        ? 'Memory fabric directory exists' \n        : 'Memory fabric directory not found';\n      break;\n\n    case 'file':\n      // Check if required files exist (read-only)\n      if (requirement.check === 'governance-directory-exists') {\n        passed = fs.existsSync(path.join(process.cwd(), 'governance'));\n        message = passed\n          ? 'Governance directory exists'\n          : 'Governance directory not found';\n      } else if (requirement.check === 'architecture-index-exists') {\n        passed = fs.existsSync(path.join(process.cwd(), 'ARCHITECTURE_INDEX.json'));\n        message = passed\n          ? 'Architecture index exists'\n          : 'Architecture index not found';\n      }\n      break;\n\n    case 'config':\n      // Check configuration validity (read-only)\n      passed = fs.existsSync(path.join(process.cwd(), 'lib', 'commissioning'));\n      message = passed\n        ? 'Commissioning configuration directory exists'\n        : 'Commissioning configuration not found';\n      break;\n\n    default:\n      passed = false;\n      message = `Unknown requirement type: ${requirement.type}`;\n  }\n\n  return {\n    id: requirement.id,\n    name: requirement.name,\n    passed,\n    critical: requirement.critical,\n    message\n  };\n}\n\n/**\n * Assess all startup requirements\n * \n * READ-ONLY: This function only assesses state, makes no system changes\n * \n * Returns an assessment object with validation results\n */\nexport function assessStartupRequirements(): StartupAssessment {\n  const config = loadRequirements();\n  const results: RequirementStatus[] = [];\n  let criticalFailures = 0;\n\n  for (const requirement of config.requirements) {\n    const status = validateRequirement(requirement);\n    results.push(status);\n\n    if (!status.passed && status.critical) {\n      criticalFailures++;\n    }\n  }\n\n  const ready = criticalFailures === 0;\n\n  return {\n    ready,\n    overallStatus: ready ? 'READY' : 'NOT_READY',\n    timestamp: new Date().toISOString(),\n    requirements: results,\n    criticalFailures,\n    totalRequirements: config.requirements.length\n  };\n}\n\n/**\n * Alias for assessStartupRequirements for compatibility\n * \n * READ-ONLY: This function only assesses state, makes no system changes\n */\nexport function validateRequirements(): ValidationResult {\n  return assessStartupRequirements();\n}\n\n/**\n * Get requirement validation results for a specific requirement ID\n * \n * READ-ONLY: Returns validation state without modifying anything\n */\nexport function getRequirementStatus(requirementId: string): RequirementStatus | null {\n  const assessment = assessStartupRequirements();\n  return assessment.requirements.find(r => r.id === requirementId) || null;\n}\n"
FAILED tests/test_startup_requirement_loader.py::TestLoaderAPI::test_assessment_includes_status - AssertionError: Assessment must define DEGRADED status
assert 'DEGRADED' in "/**\n * Startup Requirement Loader\n * \n * CRITICAL: This module has ZERO decision authority and ZERO execution capability.\n * It is a READ-ONLY assessment tool that surfaces validation results.\n * \n * Purpose:\n * - Load startup requirements from startup-requirements.json\n * - Validate requirements against the system state\n * - Surface validation results for consumption by commissioning system\n * - Provide read-only assessment of startup readiness\n * \n * What This Module DOES NOT Do:\n * - Does NOT make decisions about system behavior\n * - Does NOT execute any system changes\n * - Does NOT grant or deny access\n * - Does NOT modify system state\n * - Does NOT have authority over routing or access control\n * - Does NOT activate any system components\n * - Does NOT trigger execution of any kind\n * \n * Authority: Issue F-A2 - Batch 2 Memory & Commissioning Foundations\n */\n\nimport * as fs from 'fs';\nimport * as path from 'path';\n\n/**\n * Requirement validation status\n */\nexport interface RequirementStatus {\n  id: string;\n  name: string;\n  passed: boolean;\n  critical: boolean;\n  message: string;\n}\n\n/**\n * Overall assessment result\n */\nexport interface StartupAssessment {\n  ready: boolean;\n  overallStatus: 'READY' | 'NOT_READY';\n  timestamp: string;\n  requirements: RequirementStatus[];\n  criticalFailures: number;\n  totalRequirements: number;\n}\n\n/**\n * Alias for StartupAssessment for compatibility\n */\nexport type ValidationResult = StartupAssessment;\n\n/**\n * Requirement definition from JSON\n */\ninterface Requirement {\n  id: string;\n  name: string;\n  category: string;\n  type: string;\n  check: string;\n  critical: boolean;\n  description: string;\n}\n\n/**\n * Requirements configuration\n */\ninterface RequirementsConfig {\n  version: string;\n  requirements: Requirement[];\n}\n\n/**\n * Load startup requirements from JSON file\n * \n * READ-ONLY: This function only reads configuration, makes no system changes\n */\nexport function loadRequirements(): RequirementsConfig {\n  const requirementsPath = path.join(__dirname, 'startup-requirements.json');\n  const content = fs.readFileSync(requirementsPath, 'utf-8');\n  return JSON.parse(content) as RequirementsConfig;\n}\n\n/**\n * Validate a single requirement\n * \n * READ-ONLY: This function only checks state, makes no system changes\n */\nfunction validateRequirement(requirement: Requirement): RequirementStatus {\n  let passed = false;\n  let message = '';\n\n  // READ-ONLY checks based on requirement type\n  switch (requirement.type) {\n    case 'memory':\n      // Check if memory fabric exists (read-only)\n      passed = fs.existsSync(path.join(process.cwd(), 'memory'));\n      message = passed \n        ? 'Memory fabric directory exists' \n        : 'Memory fabric directory not found';\n      break;\n\n    case 'file':\n      // Check if required files exist (read-only)\n      if (requirement.check === 'governance-directory-exists') {\n        passed = fs.existsSync(path.join(process.cwd(), 'governance'));\n        message = passed\n          ? 'Governance directory exists'\n          : 'Governance directory not found';\n      } else if (requirement.check === 'architecture-index-exists') {\n        passed = fs.existsSync(path.join(process.cwd(), 'ARCHITECTURE_INDEX.json'));\n        message = passed\n          ? 'Architecture index exists'\n          : 'Architecture index not found';\n      }\n      break;\n\n    case 'config':\n      // Check configuration validity (read-only)\n      passed = fs.existsSync(path.join(process.cwd(), 'lib', 'commissioning'));\n      message = passed\n        ? 'Commissioning configuration directory exists'\n        : 'Commissioning configuration not found';\n      break;\n\n    default:\n      passed = false;\n      message = `Unknown requirement type: ${requirement.type}`;\n  }\n\n  return {\n    id: requirement.id,\n    name: requirement.name,\n    passed,\n    critical: requirement.critical,\n    message\n  };\n}\n\n/**\n * Assess all startup requirements\n * \n * READ-ONLY: This function only assesses state, makes no system changes\n * \n * Returns an assessment object with validation results\n */\nexport function assessStartupRequirements(): StartupAssessment {\n  const config = loadRequirements();\n  const results: RequirementStatus[] = [];\n  let criticalFailures = 0;\n\n  for (const requirement of config.requirements) {\n    const status = validateRequirement(requirement);\n    results.push(status);\n\n    if (!status.passed && status.critical) {\n      criticalFailures++;\n    }\n  }\n\n  const ready = criticalFailures === 0;\n\n  return {\n    ready,\n    overallStatus: ready ? 'READY' : 'NOT_READY',\n    timestamp: new Date().toISOString(),\n    requirements: results,\n    criticalFailures,\n    totalRequirements: config.requirements.length\n  };\n}\n\n/**\n * Alias for assessStartupRequirements for compatibility\n * \n * READ-ONLY: This function only assesses state, makes no system changes\n */\nexport function validateRequirements(): ValidationResult {\n  return assessStartupRequirements();\n}\n\n/**\n * Get requirement validation results for a specific requirement ID\n * \n * READ-ONLY: Returns validation state without modifying anything\n */\nexport function getRequirementStatus(requirementId: string): RequirementStatus | null {\n  const assessment = assessStartupRequirements();\n  return assessment.requirements.find(r => r.id === requirementId) || null;\n}\n"
FAILED tests/test_startup_requirement_loader.py::TestBatch2Constraints::test_critical_statement_present - AssertionError: README must include critical statement about no execution
assert ('does NOT trigger execution' in '# Startup Requirement Loader\n\n**Version**: 1.0.0  \n**Authority**: Issue F-A2 - Batch 2 Memory & Commissioning Foundations  \n**Status**: Architecture-Only Implementation\n\n---\n\n## Purpose\n\nThe Startup Requirement Loader provides **read-only assessment** of application startup requirements. It validates that necessary prerequisites are in place before the application can be safely commissioned.\n\n**Key Characteristics**:\n- \u2705 Read-only validation\n- \u2705 Zero decision authority\n- \u2705 Zero execution capability\n- \u2705 Surfaces validation results only\n\n---\n\n## What This Module DOES\n\n1. **Loads Requirements**: Reads startup requirements from `startup-requirements.json`\n2. **Validates State**: Checks system state against requirements (read-only)\n3. **Surfaces Results**: Returns validation assessment for consumption by commissioning system\n4. **Provides Status**: Offers requirement-level status information\n\n---\n\n## What This Module DOES NOT Do\n\n**CRITICAL**: This module has **ZERO** authority and capability in the following areas:\n\n- \u274c **Does NOT make decisions** about system behavior\n- \u274c **Does NOT execute** any system changes or operations\n- \u274c **Does NOT activate** any system components or functionality\n- \u274c **Does NOT grant or deny** access to any system resources\n- \u274c **Does NOT modify** system state, configuration, or data\n- \u274c **Does NOT control** routing, navigation, or access control\n- \u274c **Does NOT trigger** any automated actions based on validation results\n- \u274c **Does NOT trigger execution** of any kind\n\n**Rationale**: Separation of concerns. This module assesses readiness. The commissioning system makes decisions based on that assessment.\n\n---\n\n## Usage\n\n### Basic Assessment\n\n```typescript\nimport { assessStartupRequirements } from \'./startup\';\n\nconst assessment = assessStartupRequirements();\n\nif (assessment.ready) {\n  console.log(\'All critical startup requirements met\');\n} else {\n  console.log(`${assessment.criticalFailures} critical failures`);\n}\n```\n\n### Check Specific Requirement\n\n```typescript\nimport { getRequirementStatus } from \'./startup\';\n\nconst memoryStatus = getRequirementStatus(\'memory-fabric-initialized\');\n\nif (memoryStatus && memoryStatus.passed) {\n  console.log(\'Memory fabric is ready\');\n}\n```\n\n### Load Requirements Configuration\n\n```typescript\nimport { loadRequirements } from \'./startup\';\n\nconst config = loadRequirements();\nconsole.log(`Loaded ${config.requirements.length} requirements`);\n```\n\n---\n\n## Integration with Commissioning\n\nThe Startup Requirement Loader integrates with the Commissioning Controller as follows:\n\n1. **Commissioning calls** `assessStartupRequirements()`\n2. **Loader returns** read-only assessment results\n3. **Commissioning decides** what action to take based on results\n4. **Commissioning executes** appropriate response (loader does not)\n\n**Example Integration**:\n\n```typescript\n// In Commissioning Controller\nconst assessment = assessStartupRequirements();\n\nif (!assessment.ready) {\n  // Commissioning Controller decides to block startup\n  return { status: \'blocked\', reason: assessment };\n} else {\n  // Commissioning Controller decides to proceed\n  return { status: \'ready\' };\n}\n```\n\n**Key Principle**: Loader assesses, Commissioning decides and executes.\n\n---\n\n## Requirements File Structure\n\n### startup-requirements.json\n\nDefines requirements to validate:\n\n```json\n{\n  "version": "1.0.0",\n  "requirements": [\n    {\n      "id": "requirement-id",\n      "name": "Requirement Name",\n      "type": "memory|file|config|environment",\n      "check": "validation-check-name",\n      "critical": true,\n      "description": "What this requirement validates"\n    }\n  ]\n}\n```\n\n### startup-requirements.schema.json\n\nJSON Schema for requirements validation.\n\n---\n\n## API Reference\n\n### Types\n\n#### `RequirementStatus`\n\n```typescript\ninterface RequirementStatus {\n  id: string;           // Requirement identifier\n  name: string;         // Human-readable name\n  passed: boolean;      // Whether requirement passed\n  critical: boolean;    // Whether requirement is critical\n  message: string;      // Validation result message\n}\n```\n\n#### `StartupAssessment`\n\n```typescript\ninterface StartupAssessment {\n  ready: boolean;               // Overall readiness status\n  overallStatus: \'READY\' | \'NOT_READY\';  // Status enum for commissioning flow\n  timestamp: string;            // ISO timestamp of assessment\n  requirements: RequirementStatus[];  // Individual requirement results\n  criticalFailures: number;     // Count of critical failures\n  totalRequirements: number;    // Total requirements checked\n}\n```\n\n### Functions\n\n#### `loadRequirements()`\n\nLoads requirements configuration from JSON file.\n\n**Returns**: `RequirementsConfig`\n\n**Side Effects**: None (read-only)\n\n---\n\n#### `assessStartupRequirements()`\n\nPerforms complete startup requirements assessment.\n\n**Returns**: `StartupAssessment`\n\n**Side Effects**: None (read-only)\n\n**Validates**:\n- Memory fabric existence\n- Governance files presence\n- Architecture indexing status\n- Commissioning system readiness\n\n---\n\n#### `getRequirementStatus(requirementId: string)`\n\nGets validation status for a specific requirement.\n\n**Parameters**:\n- `requirementId`: Unique identifier of requirement\n\n**Returns**: `RequirementStatus | null`\n\n**Side Effects**: None (read-only)\n\n---\n\n## Validation Types\n\n### Memory Checks\n\nValidates that memory fabric is initialized and accessible.\n\n**Example**: `memory-fabric-initialized`\n\n---\n\n### File Checks\n\nValidates that required files and directories exist.\n\n**Examples**:\n- `governance-directory-exists`\n- `architecture-index-exists`\n\n---\n\n### Config Checks\n\nValidates that configuration is valid and complete.\n\n**Example**: `commissioning-config-valid`\n\n---\n\n### Environment Checks\n\nValidates environment variables and system settings.\n\n*(Future extension)*\n\n---\n\n## Governance Compliance\n\n### Zero Decision Authority\n\nPer Batch 2 constraints, this module:\n\n- Makes **NO decisions** about system behavior\n- Has **NO authority** over access control\n- Cannot **GRANT or DENY** anything\n- Ca
[...]
g;\n  requirements: Requirement[];\n}\n\n/**\n * Load startup requirements from JSON file\n * \n * READ-ONLY: This function only reads configuration, makes no system changes\n */\nexport function loadRequirements(): RequirementsConfig {\n  const requirementsPath = path.join(__dirname, 'startup-requirements.json');\n  const content = fs.readFileSync(requirementsPath, 'utf-8');\n  return JSON.parse(content) as RequirementsConfig;\n}\n\n/**\n * Validate a single requirement\n * \n * READ-ONLY: This function only checks state, makes no system changes\n */\nfunction validateRequirement(requirement: Requirement): RequirementStatus {\n  let passed = false;\n  let message = '';\n\n  // READ-ONLY checks based on requirement type\n  switch (requirement.type) {\n    case 'memory':\n      // Check if memory fabric exists (read-only)\n      passed = fs.existsSync(path.join(process.cwd(), 'memory'));\n      message = passed \n        ? 'Memory fabric directory exists' \n        : 'Memory fabric directory not found';\n      break;\n\n    case 'file':\n      // Check if required files exist (read-only)\n      if (requirement.check === 'governance-directory-exists') {\n        passed = fs.existsSync(path.join(process.cwd(), 'governance'));\n        message = passed\n          ? 'Governance directory exists'\n          : 'Governance directory not found';\n      } else if (requirement.check === 'architecture-index-exists') {\n        passed = fs.existsSync(path.join(process.cwd(), 'ARCHITECTURE_INDEX.json'));\n        message = passed\n          ? 'Architecture index exists'\n          : 'Architecture index not found';\n      }\n      break;\n\n    case 'config':\n      // Check configuration validity (read-only)\n      passed = fs.existsSync(path.join(process.cwd(), 'lib', 'commissioning'));\n      message = passed\n        ? 'Commissioning configuration directory exists'\n        : 'Commissioning configuration not found';\n      break;\n\n    default:\n      passed = false;\n      message = `Unknown requirement type: ${requirement.type}`;\n  }\n\n  return {\n    id: requirement.id,\n    name: requirement.name,\n    passed,\n    critical: requirement.critical,\n    message\n  };\n}\n\n/**\n * Assess all startup requirements\n * \n * READ-ONLY: This function only assesses state, makes no system changes\n * \n * Returns an assessment object with validation results\n */\nexport function assessStartupRequirements(): StartupAssessment {\n  const config = loadRequirements();\n  const results: RequirementStatus[] = [];\n  let criticalFailures = 0;\n\n  for (const requirement of config.requirements) {\n    const status = validateRequirement(requirement);\n    results.push(status);\n\n    if (!status.passed && status.critical) {\n      criticalFailures++;\n    }\n  }\n\n  const ready = criticalFailures === 0;\n\n  return {\n    ready,\n    overallStatus: ready ? 'READY' : 'NOT_READY',\n    timestamp: new Date().toISOString(),\n    requirements: results,\n    criticalFailures,\n    totalRequirements: config.requirements.length\n  };\n}\n\n/**\n * Alias for assessStartupRequirements for compatibility\n * \n * READ-ONLY: This function only assesses state, makes no system changes\n */\nexport function validateRequirements(): ValidationResult {\n  return assessStartupRequirements();\n}\n\n/**\n * Get requirement validation results for a specific requirement ID\n * \n * READ-ONLY: Returns validation state without modifying anything\n */\nexport function getRequirementStatus(requirementId: string): RequirementStatus | null {\n  const assessment = assessStartupRequirements();\n  return assessment.requirements.find(r => r.id === requirementId) || null;\n}\n"
FAILED tests/test_startup_requirement_loader.py::TestAcceptanceCriteria::test_ac_no_execution_triggers - AssertionError: Must explicitly state does not trigger execution
assert ('does NOT trigger' in '# Startup Requirement Loader\n\n**Version**: 1.0.0  \n**Authority**: Issue F-A2 - Batch 2 Memory & Commissioning Foundations  \n**Status**: Architecture-Only Implementation\n\n---\n\n## Purpose\n\nThe Startup Requirement Loader provides **read-only assessment** of application startup requirements. It validates that necessary prerequisites are in place before the application can be safely commissioned.\n\n**Key Characteristics**:\n- \u2705 Read-only validation\n- \u2705 Zero decision authority\n- \u2705 Zero execution capability\n- \u2705 Surfaces validation results only\n\n---\n\n## What This Module DOES\n\n1. **Loads Requirements**: Reads startup requirements from `startup-requirements.json`\n2. **Validates State**: Checks system state against requirements (read-only)\n3. **Surfaces Results**: Returns validation assessment for consumption by commissioning system\n4. **Provides Status**: Offers requirement-level status information\n\n---\n\n## What This Module DOES NOT Do\n\n**CRITICAL**: This module has **ZERO** authority and capability in the following areas:\n\n- \u274c **Does NOT make decisions** about system behavior\n- \u274c **Does NOT execute** any system changes or operations\n- \u274c **Does NOT activate** any system components or functionality\n- \u274c **Does NOT grant or deny** access to any system resources\n- \u274c **Does NOT modify** system state, configuration, or data\n- \u274c **Does NOT control** routing, navigation, or access control\n- \u274c **Does NOT trigger** any automated actions based on validation results\n- \u274c **Does NOT trigger execution** of any kind\n\n**Rationale**: Separation of concerns. This module assesses readiness. The commissioning system makes decisions based on that assessment.\n\n---\n\n## Usage\n\n### Basic Assessment\n\n```typescript\nimport { assessStartupRequirements } from \'./startup\';\n\nconst assessment = assessStartupRequirements();\n\nif (assessment.ready) {\n  console.log(\'All critical startup requirements met\');\n} else {\n  console.log(`${assessment.criticalFailures} critical failures`);\n}\n```\n\n### Check Specific Requirement\n\n```typescript\nimport { getRequirementStatus } from \'./startup\';\n\nconst memoryStatus = getRequirementStatus(\'memory-fabric-initialized\');\n\nif (memoryStatus && memoryStatus.passed) {\n  console.log(\'Memory fabric is ready\');\n}\n```\n\n### Load Requirements Configuration\n\n```typescript\nimport { loadRequirements } from \'./startup\';\n\nconst config = loadRequirements();\nconsole.log(`Loaded ${config.requirements.length} requirements`);\n```\n\n---\n\n## Integration with Commissioning\n\nThe Startup Requirement Loader integrates with the Commissioning Controller as follows:\n\n1. **Commissioning calls** `assessStartupRequirements()`\n2. **Loader returns** read-only assessment results\n3. **Commissioning decides** what action to take based on results\n4. **Commissioning executes** appropriate response (loader does not)\n\n**Example Integration**:\n\n```typescript\n// In Commissioning Controller\nconst assessment = assessStartupRequirements();\n\nif (!assessment.ready) {\n  // Commissioning Controller decides to block startup\n  return { status: \'blocked\', reason: assessment };\n} else {\n  // Commissioning Controller decides to proceed\n  return { status: \'ready\' };\n}\n```\n\n**Key Principle**: Loader assesses, Commissioning decides and executes.\n\n---\n\n## Requirements File Structure\n\n### startup-requirements.json\n\nDefines requirements to validate:\n\n```json\n{\n  "version": "1.0.0",\n  "requirements": [\n    {\n      "id": "requirement-id",\n      "name": "Requirement Name",\n      "type": "memory|file|config|environment",\n      "check": "validation-check-name",\n      "critical": true,\n      "description": "What this requirement validates"\n    }\n  ]\n}\n```\n\n### startup-requirements.schema.json\n\nJSON Schema for requirements validation.\n\n---\n\n## API Reference\n\n### Types\n\n#### `RequirementStatus`\n\n```typescript\ninterface RequirementStatus {\n  id: string;           // Requirement identifier\n  name: string;         // Human-readable name\n  passed: boolean;      // Whether requirement passed\n  critical: boolean;    // Whether requirement is critical\n  message: string;      // Validation result message\n}\n```\n\n#### `StartupAssessment`\n\n```typescript\ninterface StartupAssessment {\n  ready: boolean;               // Overall readiness status\n  overallStatus: \'READY\' | \'NOT_READY\';  // Status enum for commissioning flow\n  timestamp: string;            // ISO timestamp of assessment\n  requirements: RequirementStatus[];  // Individual requirement results\n  criticalFailures: number;     // Count of critical failures\n  totalRequirements: number;    // Total requirements checked\n}\n```\n\n### Functions\n\n#### `loadRequirements()`\n\nLoads requirements configuration from JSON file.\n\n**Returns**: `RequirementsConfig`\n\n**Side Effects**: None (read-only)\n\n---\n\n#### `assessStartupRequirements()`\n\nPerforms complete startup requirements assessment.\n\n**Returns**: `StartupAssessment`\n\n**Side Effects**: None (read-only)\n\n**Validates**:\n- Memory fabric existence\n- Governance files presence\n- Architecture indexing status\n- Commissioning system readiness\n\n---\n\n#### `getRequirementStatus(requirementId: string)`\n\nGets validation status for a specific requirement.\n\n**Parameters**:\n- `requirementId`: Unique identifier of requirement\n\n**Returns**: `RequirementStatus | null`\n\n**Side Effects**: None (read-only)\n\n---\n\n## Validation Types\n\n### Memory Checks\n\nValidates that memory fabric is initialized and accessible.\n\n**Example**: `memory-fabric-initialized`\n\n---\n\n### File Checks\n\nValidates that required files and directories exist.\n\n**Examples**:\n- `governance-directory-exists`\n- `architecture-index-exists`\n\n---\n\n### Config Checks\n\nValidates that configuration is valid and complete.\n\n**Example**: `commissioning-config-valid`\n\n---\n\n### Environment Checks\n\nValidates environment variables and system settings.\n\n*(Future extension)*\n\n---\n\n## Governance Compliance\n\n### Zero Decision Authority\n\nPer Batch 2 constraints, this module:\n\n- Makes **NO decisions** about system behavior\n- Has **NO authority** over access control\n- Cannot **GRANT or DENY** anything\n- Cannot **TRIGGER** any system actions\n\n**Enforcement**: Tests validate that no decision logic exists in code.\n\n---\n\n### Zero Execution Capability\n\nThis module:\n\n- **DOES NOT** modify system state\n- **DOES NOT** execute operations\n- **DOES NOT** write to filesystem (except for reading config)\n- **DOES NOT** call external systems\n\n**Enforcement**: Tests validate that no execution logic exists in code.\n\n---\n\n### Read-Only Assessment Only\n\nAll functions are **strictly read-only**:\n\n- File reads only (no writes)\n- State checks only (no modifications)\n- Return data only (no side effects)\n\n**Verification**: Code review and test validation confirm read-only nature.\n\n---\n\n## Testing\n\nSee `tests/test_startup_requirement_loader.py` for comprehensive test suite validating:\n\n- File structure correctness\n- API surface completeness\n- Read-only constraints\n- Integration patterns\n- Acceptance criteria\n\n---\n\n## Version History\n\n### 1.0.0 (2026-01-08)\n\n- Initial architecture-only implementation\n- Read-only requirement validation\n- Integration with commissioning system\n- Zero authority compliance\n\n---\n\n## References\n\n- **Issue F-A2**: Implement App Startup Requirement Loader\n- **Batch 2**: Memory & Commissioning Foundations\n- **Governance**: Zero authority and zero execution requirements\n- **Tests**: `tests/test_startup_requirement_loader.py`\n\n---\n\n**CRITICAL REMINDER**: This module is a **validator, not a decider**. It surfaces information for the commissioning system to act upon. It has zero authority to make system decisions or execute system changes.\n' or 'does not trigger' in '# Startup Requirement Loader\n\n**Version**: 1.0.0  \n**Authority**: Issue F-A2 - Batch 2 Memory & Commissioning Foundations  \n**Status**: Architecture-Only Implementation\n\n---\n\n## Purpose\n\nThe Startup Requirement Loader provides **read-only assessment** of application startup requirements. It validates that necessary prerequisites are in place before the application can be safely commissioned.\n\n**Key Characteristics**:\n- \u2705 Read-only validation\n- \u2705 Zero decision authority\n- \u2705 Zero execution capability\n- \u2705 Surfaces validation results only\n\n---\n\n## What This Module DOES\n\n1. **Loads Requirements**: Reads startup requirements from `startup-requirements.json`\n2. **Validates State**: Checks system state against requirements (read-only)\n3. **Surfaces Results**: Returns validation assessment for consumption by commissioning system\n4. **Provides Status**: Offers requirement-level status information\n\n---\n\n## What This Module DOES NOT Do\n\n**CRITICAL**: This module has **ZERO** authority and capability in the following areas:\n\n- \u274c **Does NOT make decisions** about system behavior\n- \u274c **Does NOT execute** any system changes or operations\n- \u274c **Does NOT activate** any system components or functionality\n- \u274c **Does NOT grant or deny** access to any system resources\n- \u274c **Does NOT modify** system state, configuration, or data\n- \u274c **Does NOT control** routing, navigation, or access control\n- \u274c **Does NOT trigger** any automated actions based on validation results\n- \u274c **Does NOT trigger execution** of any kind\n\n**Rationale**: Separation of concerns. This module assesses readiness. The commissioning system makes decisions based on that assessment.\n\n---\n\n## Usage\n\n### Basic Assessment\n\n```typescript\nimport { assessStartupRequirements } from \'./startup\';\n\nconst assessment = assessStartupRequirements();\n\nif (assessment.ready) {\n  console.log(\'All critical startup requirements met\');\n} else {\n  console.log(`${assessment.criticalFailures} critical failures`);\n}\n```\n\n### Check Specific Requirement\n\n```typescript\nimport { getRequirementStatus } from \'./startup\';\n\nconst memoryStatus = getRequirementStatus(\'memory-fabric-initialized\');\n\nif (memoryStatus && memoryStatus.passed) {\n  console.log(\'Memory fabric is ready\');\n}\n```\n\n### Load Requirements Configuration\n\n```typescript\nimport { loadRequirements } from \'./startup\';\n\nconst config = loadRequirements();\nconsole.log(`Loaded ${config.requirements.length} requirements`);\n```\n\n---\n\n## Integration with Commissioning\n\nThe Startup Requirement Loader integrates with the Commissioning Controller as follows:\n\n1. **Commissioning calls** `assessStartupRequirements()`\n2. **Loader returns** read-only assessment results\n3. **Commissioning decides** what action to take based on results\n4. **Commissioning executes** appropriate response (loader does not)\n\n**Example Integration**:\n\n```typescript\n// In Commissioning Controller\nconst assessment = assessStartupRequirements();\n\nif (!assessment.ready) {\n  // Commissioning Controller decides to block startup\n  return { status: \'blocked\', reason: assessment };\n} else {\n  // Commissioning Controller decides to proceed\n  return { status: \'ready\' };\n}\n```\n\n**Key Principle**: Loader assesses, Commissioning decides and executes.\n\n---\n\n## Requirements File Structure\n\n### startup-requirements.json\n\nDefines requirements to validate:\n\n```json\n{\n  "version": "1.0.0",\n  "requirements": [\n    {\n      "id": "requirement-id",\n      "name": "Requirement Name",\n      "type": "memory|file|config|environment",\n      "check": "validation-check-name",\n      "critical": true,\n      "description": "What this requirement validates"\n    }\n  ]\n}\n```\n\n### startup-requirements.schema.json\n\nJSON Schema for requirements validation.\n\n---\n\n## API Reference\n\n### Types\n\n#### `RequirementStatus`\n\n```typescript\ninterface RequirementStatus {\n  id: string;           // Requirement identifier\n  name: string;         // Human-readable name\n  passed: boolean;      // Whether requirement passed\n  critical: boolean;    // Whether requirement is critical\n  message: string;      // Validation result message\n}\n```\n\n#### `StartupAssessment`\n\n```typescript\ninterface StartupAssessment {\n  ready: boolean;               // Overall readiness status\n  overallStatus: \'READY\' | \'NOT_READY\';  // Status enum for commissioning flow\n  timestamp: string;            // ISO timestamp of assessment\n  requirements: RequirementStatus[];  // Individual requirement results\n  criticalFailures: number;     // Count of critical failures\n  totalRequirements: number;    // Total requirements checked\n}\n```\n\n### Functions\n\n#### `loadRequirements()`\n\nLoads requirements configuration from JSON file.\n\n**Returns**: `RequirementsConfig`\n\n**Side Effects**: None (read-only)\n\n---\n\n#### `assessStartupRequirements()`\n\nPerforms complete startup requirements assessment.\n\n**Returns**: `StartupAssessment`\n\n**Side Effects**: None (read-only)\n\n**Validates**:\n- Memory fabric existence\n- Governance files presence\n- Architecture indexing status\n- Commissioning system readiness\n\n---\n\n#### `getRequirementStatus(requirementId: string)`\n\nGets validation status for a specific requirement.\n\n**Parameters**:\n- `requirementId`: Unique identifier of requirement\n\n**Returns**: `RequirementStatus | null`\n\n**Side Effects**: None (read-only)\n\n---\n\n## Validation Types\n\n### Memory Checks\n\nValidates that memory fabric is initialized and accessible.\n\n**Example**: `memory-fabric-initialized`\n\n---\n\n### File Checks\n\nValidates that required files and directories exist.\n\n**Examples**:\n- `governance-directory-exists`\n- `architecture-index-exists`\n\n---\n\n### Config Checks\n\nValidates that configuration is valid and complete.\n\n**Example**: `commissioning-config-valid`\n\n---\n\n### Environment Checks\n\nValidates environment variables and system settings.\n\n*(Future extension)*\n\n---\n\n## Governance Compliance\n\n### Zero Decision Authority\n\nPer Batch 2 constraints, this module:\n\n- Makes **NO decisions** about system behavior\n- Has **NO authority** over access control\n- Cannot **GRANT or DENY** anything\n- Cannot **TRIGGER** any system actions\n\n**Enforcement**: Tests validate that no decision logic exists in code.\n\n---\n\n### Zero Execution Capability\n\nThis module:\n\n- **DOES NOT** modify system state\n- **DOES NOT** execute operations\n- **DOES NOT** write to filesystem (except for reading config)\n- **DOES NOT** call external systems\n\n**Enforcement**: Tests validate that no execution logic exists in code.\n\n---\n\n### Read-Only Assessment Only\n\nAll functions are **strictly read-only**:\n\n- File reads only (no writes)\n- State checks only (no modifications)\n- Return data only (no side effects)\n\n**Verification**: Code review and test validation confirm read-only nature.\n\n---\n\n## Testing\n\nSee `tests/test_startup_requirement_loader.py` for comprehensive test suite validating:\n\n- File structure correctness\n- API surface completeness\n- Read-only constraints\n- Integration patterns\n- Acceptance criteria\n\n---\n\n## Version History\n\n### 1.0.0 (2026-01-08)\n\n- Initial architecture-only implementation\n- Read-only requirement validation\n- Integration with commissioning system\n- Zero authority compliance\n\n---\n\n## References\n\n- **Issue F-A2**: Implement App Startup Requirement Loader\n- **Batch 2**: Memory & Commissioning Foundations\n- **Governance**: Zero authority and zero execution requirements\n- **Tests**: `tests/test_startup_requirement_loader.py`\n\n---\n\n**CRITICAL REMINDER**: This module is a **validator, not a decider**. It surfaces information for the commissioning system to act upon. It has zero authority to make system decisions or execute system changes.\n')
========================= 7 failed, 84 passed in 0.32s =========================
